{"level":"info","message":"[18:42:38]데이터 베이스 연결 성공","service":"general"}
{"level":"error","message":"[18:42:58][404]/favicon.ico은 없는 페이지 입니다.","service":"general"}
{"level":"error","message":"[18:42:58]Error: /favicon.ico은 없는 페이지 입니다.\n    at D:\\study\\express\\board\\app.js:60:16\n    at Layer.handle [as handle_request] (D:\\study\\express\\board\\node_modules\\express\\lib\\router\\layer.js:95:5)\n    at trim_prefix (D:\\study\\express\\board\\node_modules\\express\\lib\\router\\index.js:317:13)\n    at D:\\study\\express\\board\\node_modules\\express\\lib\\router\\index.js:284:7\n    at Function.process_params (D:\\study\\express\\board\\node_modules\\express\\lib\\router\\index.js:335:12)\n    at next (D:\\study\\express\\board\\node_modules\\express\\lib\\router\\index.js:275:10)\n    at D:\\study\\express\\board\\node_modules\\express\\lib\\router\\index.js:635:15\n    at next (D:\\study\\express\\board\\node_modules\\express\\lib\\router\\index.js:260:14)\n    at Function.handle (D:\\study\\express\\board\\node_modules\\express\\lib\\router\\index.js:174:3)\n    at router (D:\\study\\express\\board\\node_modules\\express\\lib\\router\\index.js:47:12)","service":"general"}
{"level":"info","message":"[18:44:53]데이터 베이스 연결 성공","service":"general"}
{"level":"info","message":"[18:45:28]데이터 베이스 연결 성공","service":"general"}
{"level":"info","message":"[18:46:50]데이터 베이스 연결 성공","service":"general"}
{"level":"info","message":"[18:48:06]데이터 베이스 연결 성공","service":"general"}
{"level":"info","message":"[18:48:19]데이터 베이스 연결 성공","service":"general"}
{"level":"info","message":"[18:49:57]데이터 베이스 연결 성공","service":"general"}
{"level":"info","message":"[18:50:06]데이터 베이스 연결 성공","service":"general"}
{"level":"info","message":"[18:50:10]데이터 베이스 연결 성공","service":"general"}
{"level":"info","message":"[18:50:36]데이터 베이스 연결 성공","service":"general"}
{"level":"info","message":"[18:52:02]데이터 베이스 연결 성공","service":"general"}
{"level":"info","message":"[18:52:40]데이터 베이스 연결 성공","service":"general"}
{"level":"info","message":"[18:54:29]데이터 베이스 연결 성공","service":"general"}
{"level":"info","message":"[18:55:39]데이터 베이스 연결 성공","service":"general"}
{"level":"info","message":"[18:56:18]데이터 베이스 연결 성공","service":"general"}
{"level":"info","message":"[18:56:49]데이터 베이스 연결 성공","service":"general"}
{"level":"info","message":"[18:57:02]데이터 베이스 연결 성공","service":"general"}
{"level":"info","message":"[18:57:29]데이터 베이스 연결 성공","service":"general"}
{"level":"error","message":"[18:57:37][500]Cannot read property 'send' of undefined","service":"general"}
{"level":"error","message":"[18:57:37]TypeError: Cannot read property 'send' of undefined\n    at alert (D:\\study\\express\\board\\lib\\common.js:14:7)\n    at joinValidator (D:\\study\\express\\board\\middlewares\\member.js:26:11)\n    at Layer.handle [as handle_request] (D:\\study\\express\\board\\node_modules\\express\\lib\\router\\layer.js:95:5)\n    at next (D:\\study\\express\\board\\node_modules\\express\\lib\\router\\route.js:137:13)\n    at next (D:\\study\\express\\board\\node_modules\\express\\lib\\router\\route.js:131:14)\n    at Route.dispatch (D:\\study\\express\\board\\node_modules\\express\\lib\\router\\route.js:112:3)\n    at Layer.handle [as handle_request] (D:\\study\\express\\board\\node_modules\\express\\lib\\router\\layer.js:95:5)\n    at D:\\study\\express\\board\\node_modules\\express\\lib\\router\\index.js:281:22\n    at Function.process_params (D:\\study\\express\\board\\node_modules\\express\\lib\\router\\index.js:335:12)\n    at next (D:\\study\\express\\board\\node_modules\\express\\lib\\router\\index.js:275:10)","service":"general"}
{"level":"info","message":"[18:57:48]데이터 베이스 연결 성공","service":"general"}
{"level":"info","message":"[18:59:42]데이터 베이스 연결 성공","service":"general"}
{"level":"info","message":"[19:00:26]데이터 베이스 연결 성공","service":"general"}
{"level":"info","message":"[19:01:45]데이터 베이스 연결 성공","service":"general"}
{"level":"info","message":"[19:03:00]데이터 베이스 연결 성공","service":"general"}
{"level":"info","message":"[19:03:52]데이터 베이스 연결 성공","service":"general"}
{"level":"info","message":"[19:04:05]데이터 베이스 연결 성공","service":"general"}
{"level":"info","message":"[19:05:13]데이터 베이스 연결 성공","service":"general"}
{"level":"info","message":"[19:05:24]데이터 베이스 연결 성공","service":"general"}
{"level":"info","message":"[19:05:37]데이터 베이스 연결 성공","service":"general"}
{"level":"info","message":"[19:05:49]데이터 베이스 연결 성공","service":"general"}
{"level":"info","message":"[19:06:33]데이터 베이스 연결 성공","service":"general"}
{"level":"info","message":"[19:09:00]데이터 베이스 연결 성공","service":"general"}
{"level":"info","message":"[19:10:11]데이터 베이스 연결 성공","service":"general"}
{"level":"info","message":"[19:11:04]데이터 베이스 연결 성공","service":"general"}
{"level":"info","message":"[19:11:25]데이터 베이스 연결 성공","service":"general"}
{"level":"info","message":"[19:11:28]데이터 베이스 연결 성공","service":"general"}
{"level":"info","message":"[19:12:06]데이터 베이스 연결 성공","service":"general"}
{"level":"info","message":"[19:13:08]데이터 베이스 연결 성공","service":"general"}
{"level":"info","message":"[19:13:26]데이터 베이스 연결 성공","service":"general"}
{"level":"info","message":"[19:13:39]데이터 베이스 연결 성공","service":"general"}
{"level":"info","message":"[19:14:11]데이터 베이스 연결 성공","service":"general"}
{"level":"info","message":"[19:14:51]데이터 베이스 연결 성공","service":"general"}
{"level":"info","message":"[19:15:01]데이터 베이스 연결 성공","service":"general"}
{"level":"info","message":"[19:18:42]데이터 베이스 연결 성공","service":"general"}
{"level":"info","message":"[19:19:48]데이터 베이스 연결 성공","service":"general"}
{"level":"info","message":"[19:20:19]데이터 베이스 연결 성공","service":"general"}
{"level":"info","message":"[19:20:23]데이터 베이스 연결 성공","service":"general"}
{"level":"info","message":"[19:23:12]데이터 베이스 연결 성공","service":"general"}
{"level":"info","message":"[19:25:01]데이터 베이스 연결 성공","service":"general"}
{"level":"info","message":"[19:25:12]데이터 베이스 연결 성공","service":"general"}
{"level":"info","message":"[19:26:18]데이터 베이스 연결 성공","service":"general"}
{"level":"info","message":"[19:26:38]데이터 베이스 연결 성공","service":"general"}
{"level":"info","message":"[19:27:07]데이터 베이스 연결 성공","service":"general"}
{"level":"info","message":"[19:27:43]데이터 베이스 연결 성공","service":"general"}
{"level":"info","message":"[19:28:07]데이터 베이스 연결 성공","service":"general"}
{"level":"info","message":"[19:28:45]데이터 베이스 연결 성공","service":"general"}
{"level":"info","message":"[19:29:02]데이터 베이스 연결 성공","service":"general"}
{"level":"info","message":"[19:29:28]데이터 베이스 연결 성공","service":"general"}
{"level":"info","message":"[19:29:49]데이터 베이스 연결 성공","service":"general"}
{"level":"info","message":"[19:29:57]데이터 베이스 연결 성공","service":"general"}
{"level":"info","message":"[19:30:06]데이터 베이스 연결 성공","service":"general"}
{"level":"info","message":"[19:30:20]데이터 베이스 연결 성공","service":"general"}
{"level":"info","message":"[19:39:19]데이터 베이스 연결 성공","service":"general"}
{"level":"info","message":"[19:39:51]데이터 베이스 연결 성공","service":"general"}
{"level":"info","message":"[19:40:09]데이터 베이스 연결 성공","service":"general"}
{"level":"info","message":"[19:40:13]데이터 베이스 연결 성공","service":"general"}
{"level":"info","message":"[19:42:42]데이터 베이스 연결 성공","service":"general"}
{"level":"info","message":"[19:43:00]데이터 베이스 연결 성공","service":"general"}
{"level":"info","message":"[19:48:09]데이터 베이스 연결 성공","service":"general"}
{"level":"info","message":"[19:48:17]데이터 베이스 연결 성공","service":"general"}
{"level":"info","message":"[19:48:38]데이터 베이스 연결 성공","service":"general"}
{"level":"info","message":"[19:50:01]데이터 베이스 연결 성공","service":"general"}
{"level":"info","message":"[19:50:13]데이터 베이스 연결 성공","service":"general"}
{"level":"info","message":"[19:50:19]데이터 베이스 연결 성공","service":"general"}
{"level":"info","message":"[19:50:23]데이터 베이스 연결 성공","service":"general"}
{"level":"info","message":"[19:50:34]데이터 베이스 연결 성공","service":"general"}
{"level":"info","message":"[19:51:21]데이터 베이스 연결 성공","service":"general"}
{"level":"info","message":"[19:51:36]데이터 베이스 연결 성공","service":"general"}
{"level":"info","message":"[19:51:44]데이터 베이스 연결 성공","service":"general"}
{"level":"info","message":"[19:52:28]데이터 베이스 연결 성공","service":"general"}
{"level":"info","message":"[19:52:37]데이터 베이스 연결 성공","service":"general"}
{"level":"info","message":"[19:52:41]데이터 베이스 연결 성공","service":"general"}
{"level":"info","message":"[19:52:58]데이터 베이스 연결 성공","service":"general"}
{"level":"info","message":"[19:53:05]데이터 베이스 연결 성공","service":"general"}
{"level":"info","message":"[19:53:11]데이터 베이스 연결 성공","service":"general"}
{"level":"info","message":"[19:53:22]데이터 베이스 연결 성공","service":"general"}
{"level":"info","message":"[19:53:30]데이터 베이스 연결 성공","service":"general"}
{"level":"error","message":"[19:54:01][500]Cannot read property 'send' of undefined","service":"general"}
{"level":"error","message":"[19:54:01]TypeError: Cannot read property 'send' of undefined\n    at alert (D:\\study\\express\\board\\lib\\common.js:14:7)\n    at loginValidator (D:\\study\\express\\board\\middlewares\\member.js:99:11)\n    at Layer.handle [as handle_request] (D:\\study\\express\\board\\node_modules\\express\\lib\\router\\layer.js:95:5)\n    at next (D:\\study\\express\\board\\node_modules\\express\\lib\\router\\route.js:137:13)\n    at next (D:\\study\\express\\board\\node_modules\\express\\lib\\router\\route.js:131:14)\n    at Route.dispatch (D:\\study\\express\\board\\node_modules\\express\\lib\\router\\route.js:112:3)\n    at Layer.handle [as handle_request] (D:\\study\\express\\board\\node_modules\\express\\lib\\router\\layer.js:95:5)\n    at D:\\study\\express\\board\\node_modules\\express\\lib\\router\\index.js:281:22\n    at Function.process_params (D:\\study\\express\\board\\node_modules\\express\\lib\\router\\index.js:335:12)\n    at next (D:\\study\\express\\board\\node_modules\\express\\lib\\router\\index.js:275:10)","service":"general"}
{"level":"info","message":"[19:54:17]데이터 베이스 연결 성공","service":"general"}
{"level":"info","message":"[19:54:56]데이터 베이스 연결 성공","service":"general"}
{"level":"info","message":"[19:55:44]데이터 베이스 연결 성공","service":"general"}
{"level":"info","message":"[19:55:48]데이터 베이스 연결 성공","service":"general"}
{"level":"info","message":"[19:56:31]데이터 베이스 연결 성공","service":"general"}
{"level":"info","message":"[19:56:34]데이터 베이스 연결 성공","service":"general"}
{"level":"info","message":"[19:57:27]데이터 베이스 연결 성공","service":"general"}
{"level":"info","message":"[19:57:48]데이터 베이스 연결 성공","service":"general"}
{"level":"info","message":"[19:58:12]데이터 베이스 연결 성공","service":"general"}
{"level":"info","message":"[20:00:10]데이터 베이스 연결 성공","service":"general"}
{"level":"info","message":"[20:00:24]데이터 베이스 연결 성공","service":"general"}
{"level":"info","message":"[20:03:48]데이터 베이스 연결 성공","service":"general"}
