{"level":"info","message":"[19:11:22]데이터 베이스 연결 성공","service":"general"}
{"level":"error","message":"[19:11:23]Error: /favicon.ico은 없는 페이지 입니다.\n    at D:\\nodejs\\board\\app.js:69:16\n    at Layer.handle [as handle_request] (D:\\nodejs\\board\\node_modules\\express\\lib\\router\\layer.js:95:5)\n    at trim_prefix (D:\\nodejs\\board\\node_modules\\express\\lib\\router\\index.js:317:13)\n    at D:\\nodejs\\board\\node_modules\\express\\lib\\router\\index.js:284:7\n    at Function.process_params (D:\\nodejs\\board\\node_modules\\express\\lib\\router\\index.js:335:12)\n    at next (D:\\nodejs\\board\\node_modules\\express\\lib\\router\\index.js:275:10)\n    at D:\\nodejs\\board\\node_modules\\express\\lib\\router\\index.js:635:15\n    at next (D:\\nodejs\\board\\node_modules\\express\\lib\\router\\index.js:260:14)\n    at Function.handle (D:\\nodejs\\board\\node_modules\\express\\lib\\router\\index.js:174:3)\n    at router (D:\\nodejs\\board\\node_modules\\express\\lib\\router\\index.js:47:12)","service":"general"}
{"level":"error","message":"[19:11:23][404]/favicon.ico은 없는 페이지 입니다.","service":"general"}
{"level":"info","message":"[19:13:09]데이터 베이스 연결 성공","service":"general"}
{"level":"info","message":"[19:13:16]데이터 베이스 연결 성공","service":"general"}
{"level":"error","message":"[19:13:17][500]Data is not defined","service":"general"}
{"level":"error","message":"[19:13:17]ReferenceError: Data is not defined\n    at uid (D:\\nodejs\\board\\lib\\common.js:52:3)\n    at D:\\nodejs\\board\\routes\\file\\index.js:35:10\n    at Layer.handle [as handle_request] (D:\\nodejs\\board\\node_modules\\express\\lib\\router\\layer.js:95:5)\n    at next (D:\\nodejs\\board\\node_modules\\express\\lib\\router\\route.js:137:13)\n    at Route.dispatch (D:\\nodejs\\board\\node_modules\\express\\lib\\router\\route.js:112:3)\n    at Layer.handle [as handle_request] (D:\\nodejs\\board\\node_modules\\express\\lib\\router\\layer.js:95:5)\n    at D:\\nodejs\\board\\node_modules\\express\\lib\\router\\index.js:281:22\n    at Function.process_params (D:\\nodejs\\board\\node_modules\\express\\lib\\router\\index.js:335:12)\n    at next (D:\\nodejs\\board\\node_modules\\express\\lib\\router\\index.js:275:10)\n    at Function.handle (D:\\nodejs\\board\\node_modules\\express\\lib\\router\\index.js:174:3)","service":"general"}
{"level":"info","message":"[19:14:03]데이터 베이스 연결 성공","service":"general"}
{"level":"error","message":"[19:14:31]Named parameter \":gid\" has no value in the given object.","service":"general"}
{"level":"error","message":"[19:14:31]Error: Named parameter \":gid\" has no value in the given object.\n    at D:\\nodejs\\board\\node_modules\\sequelize\\lib\\sql-string.js:121:11\n    at String.replace (<anonymous>)\n    at Object.formatNamedParameters (D:\\nodejs\\board\\node_modules\\sequelize\\lib\\sql-string.js:113:14)\n    at Object.formatNamedParameters (D:\\nodejs\\board\\node_modules\\sequelize\\lib\\utils.js:126:20)\n    at Sequelize.query (D:\\nodejs\\board\\node_modules\\sequelize\\lib\\sequelize.js:586:21)\n    at Object.insertInfo (D:\\nodejs\\board\\models\\uploadFile.js:26:35)\n    at DiskStorage.filename [as getFilename] (D:\\nodejs\\board\\routes\\file\\index.js:18:33)\n    at D:\\nodejs\\board\\node_modules\\multer\\storage\\disk.js:34:10\n    at DiskStorage.destination [as getDestination] (D:\\nodejs\\board\\routes\\file\\index.js:10:4)\n    at DiskStorage._handleFile (D:\\nodejs\\board\\node_modules\\multer\\storage\\disk.js:31:8)","service":"general"}
{"level":"info","message":"[19:50:06]데이터 베이스 연결 성공","service":"general"}
{"level":"info","message":"[19:50:56]데이터 베이스 연결 성공","service":"general"}
{"level":"info","message":"[19:55:15]데이터 베이스 연결 성공","service":"general"}
{"level":"info","message":"[19:56:13]데이터 베이스 연결 성공","service":"general"}
{"level":"info","message":"[20:04:09]데이터 베이스 연결 성공","service":"general"}
{"level":"info","message":"[20:04:53]데이터 베이스 연결 성공","service":"general"}
{"level":"info","message":"[20:04:59]데이터 베이스 연결 성공","service":"general"}
{"level":"info","message":"[20:05:55]데이터 베이스 연결 성공","service":"general"}
{"level":"info","message":"[20:08:18]데이터 베이스 연결 성공","service":"general"}
{"level":"info","message":"[20:12:37]데이터 베이스 연결 성공","service":"general"}
{"level":"info","message":"[20:14:22]데이터 베이스 연결 성공","service":"general"}
{"level":"info","message":"[20:14:41]데이터 베이스 연결 성공","service":"general"}
{"level":"info","message":"[20:16:16]데이터 베이스 연결 성공","service":"general"}
{"level":"info","message":"[20:16:33]데이터 베이스 연결 성공","service":"general"}
{"level":"info","message":"[20:17:14]데이터 베이스 연결 성공","service":"general"}
{"level":"info","message":"[20:17:45]데이터 베이스 연결 성공","service":"general"}
{"level":"info","message":"[20:17:50]데이터 베이스 연결 성공","service":"general"}
{"level":"info","message":"[20:19:59]데이터 베이스 연결 성공","service":"general"}
{"level":"info","message":"[20:23:02]데이터 베이스 연결 성공","service":"general"}
{"level":"info","message":"[20:24:04]데이터 베이스 연결 성공","service":"general"}
{"level":"info","message":"[20:30:29]데이터 베이스 연결 성공","service":"general"}
{"level":"info","message":"[20:30:53]데이터 베이스 연결 성공","service":"general"}
{"level":"info","message":"[20:31:04]데이터 베이스 연결 성공","service":"general"}
{"level":"info","message":"[20:31:10]데이터 베이스 연결 성공","service":"general"}
{"level":"info","message":"[20:31:18]데이터 베이스 연결 성공","service":"general"}
{"level":"info","message":"[20:32:36]데이터 베이스 연결 성공","service":"general"}
{"level":"info","message":"[20:33:33]데이터 베이스 연결 성공","service":"general"}
{"level":"info","message":"[20:34:01]데이터 베이스 연결 성공","service":"general"}
{"level":"info","message":"[20:35:48]데이터 베이스 연결 성공","service":"general"}
{"level":"info","message":"[20:40:34]데이터 베이스 연결 성공","service":"general"}
{"level":"info","message":"[20:40:43]데이터 베이스 연결 성공","service":"general"}
{"level":"info","message":"[20:40:49]데이터 베이스 연결 성공","service":"general"}
{"level":"info","message":"[20:43:00]데이터 베이스 연결 성공","service":"general"}
{"level":"info","message":"[20:43:22]데이터 베이스 연결 성공","service":"general"}
{"level":"info","message":"[20:43:56]데이터 베이스 연결 성공","service":"general"}
{"level":"info","message":"[20:45:39]데이터 베이스 연결 성공","service":"general"}
{"level":"info","message":"[20:46:06]데이터 베이스 연결 성공","service":"general"}
{"level":"info","message":"[20:46:17]데이터 베이스 연결 성공","service":"general"}
{"level":"info","message":"[20:46:24]데이터 베이스 연결 성공","service":"general"}
{"level":"info","message":"[20:47:32]데이터 베이스 연결 성공","service":"general"}
{"level":"info","message":"[20:49:44]데이터 베이스 연결 성공","service":"general"}
{"level":"info","message":"[20:50:08]데이터 베이스 연결 성공","service":"general"}
{"level":"info","message":"[20:51:58]데이터 베이스 연결 성공","service":"general"}
{"level":"info","message":"[20:52:22]데이터 베이스 연결 성공","service":"general"}
{"level":"info","message":"[20:52:27]데이터 베이스 연결 성공","service":"general"}
{"level":"info","message":"[20:53:11]데이터 베이스 연결 성공","service":"general"}
{"level":"info","message":"[20:54:26]데이터 베이스 연결 성공","service":"general"}
{"level":"info","message":"[20:55:49]데이터 베이스 연결 성공","service":"general"}
{"level":"info","message":"[20:58:13]데이터 베이스 연결 성공","service":"general"}
{"level":"info","message":"[21:05:16]데이터 베이스 연결 성공","service":"general"}
