{"level":"info","message":"[19:20:24]데이터 베이스 연결 성공","service":"general"}
{"level":"error","message":"[19:20:34][404]/favicon.ico은 없는 페이지 입니다.","service":"general"}
{"level":"error","message":"[19:20:34]Error: /favicon.ico은 없는 페이지 입니다.\n    at D:\\nodejs\\board\\app.js:60:16\n    at Layer.handle [as handle_request] (D:\\nodejs\\board\\node_modules\\express\\lib\\router\\layer.js:95:5)\n    at trim_prefix (D:\\nodejs\\board\\node_modules\\express\\lib\\router\\index.js:317:13)\n    at D:\\nodejs\\board\\node_modules\\express\\lib\\router\\index.js:284:7\n    at Function.process_params (D:\\nodejs\\board\\node_modules\\express\\lib\\router\\index.js:335:12)\n    at next (D:\\nodejs\\board\\node_modules\\express\\lib\\router\\index.js:275:10)\n    at D:\\nodejs\\board\\node_modules\\express\\lib\\router\\index.js:635:15\n    at next (D:\\nodejs\\board\\node_modules\\express\\lib\\router\\index.js:260:14)\n    at Function.handle (D:\\nodejs\\board\\node_modules\\express\\lib\\router\\index.js:174:3)\n    at router (D:\\nodejs\\board\\node_modules\\express\\lib\\router\\index.js:47:12)","service":"general"}
{"level":"info","message":"[19:49:31]데이터 베이스 연결 성공","service":"general"}
{"level":"info","message":"[19:52:25]데이터 베이스 연결 성공","service":"general"}
{"level":"info","message":"[19:53:19]데이터 베이스 연결 성공","service":"general"}
{"level":"info","message":"[19:55:10]데이터 베이스 연결 성공","service":"general"}
{"level":"info","message":"[19:55:26]데이터 베이스 연결 성공","service":"general"}
{"level":"info","message":"[19:56:55]데이터 베이스 연결 성공","service":"general"}
{"level":"info","message":"[20:02:08]데이터 베이스 연결 성공","service":"general"}
{"level":"info","message":"[20:03:22]데이터 베이스 연결 성공","service":"general"}
{"level":"info","message":"[20:03:28]데이터 베이스 연결 성공","service":"general"}
{"level":"info","message":"[20:06:21]데이터 베이스 연결 성공","service":"general"}
{"level":"info","message":"[20:06:53]데이터 베이스 연결 성공","service":"general"}
{"level":"info","message":"[20:07:12]데이터 베이스 연결 성공","service":"general"}
{"level":"info","message":"[20:07:32]데이터 베이스 연결 성공","service":"general"}
{"level":"info","message":"[20:09:56]데이터 베이스 연결 성공","service":"general"}
{"level":"info","message":"[20:10:50]데이터 베이스 연결 성공","service":"general"}
{"level":"info","message":"[20:11:58]데이터 베이스 연결 성공","service":"general"}
{"level":"error","message":"[20:13:21]connect ETIMEDOUT","service":"general"}
{"level":"error","message":"[20:13:21]SequelizeConnectionError: connect ETIMEDOUT\n    at ConnectionManager.connect (D:\\nodejs\\board\\node_modules\\sequelize\\lib\\dialects\\mysql\\connection-manager.js:126:17)\n    at processTicksAndRejections (internal/process/task_queues.js:93:5)\n    at async ConnectionManager._connect (D:\\nodejs\\board\\node_modules\\sequelize\\lib\\dialects\\abstract\\connection-manager.js:318:24)","service":"general"}
{"level":"info","message":"[20:13:23]데이터 베이스 연결 성공","service":"general"}
{"level":"info","message":"[20:16:01]데이터 베이스 연결 성공","service":"general"}
{"level":"info","message":"[20:16:23]데이터 베이스 연결 성공","service":"general"}
{"level":"info","message":"[20:18:09]데이터 베이스 연결 성공","service":"general"}
{"level":"info","message":"[20:18:30]데이터 베이스 연결 성공","service":"general"}
{"level":"info","message":"[20:20:34]데이터 베이스 연결 성공","service":"general"}
{"level":"info","message":"[20:20:40]데이터 베이스 연결 성공","service":"general"}
{"level":"info","message":"[20:22:09]데이터 베이스 연결 성공","service":"general"}
{"level":"info","message":"[20:23:19]데이터 베이스 연결 성공","service":"general"}
{"level":"info","message":"[20:23:37]데이터 베이스 연결 성공","service":"general"}
{"level":"info","message":"[20:24:36]데이터 베이스 연결 성공","service":"general"}
{"level":"info","message":"[20:24:55]데이터 베이스 연결 성공","service":"general"}
{"level":"error","message":"[20:30:46][404]/member/logout은 없는 페이지 입니다.","service":"general"}
{"level":"error","message":"[20:30:46]Error: /member/logout은 없는 페이지 입니다.\n    at D:\\nodejs\\board\\app.js:60:16\n    at Layer.handle [as handle_request] (D:\\nodejs\\board\\node_modules\\express\\lib\\router\\layer.js:95:5)\n    at trim_prefix (D:\\nodejs\\board\\node_modules\\express\\lib\\router\\index.js:317:13)\n    at D:\\nodejs\\board\\node_modules\\express\\lib\\router\\index.js:284:7\n    at Function.process_params (D:\\nodejs\\board\\node_modules\\express\\lib\\router\\index.js:335:12)\n    at next (D:\\nodejs\\board\\node_modules\\express\\lib\\router\\index.js:275:10)\n    at D:\\nodejs\\board\\node_modules\\express\\lib\\router\\index.js:635:15\n    at next (D:\\nodejs\\board\\node_modules\\express\\lib\\router\\index.js:260:14)\n    at Function.handle (D:\\nodejs\\board\\node_modules\\express\\lib\\router\\index.js:174:3)\n    at router (D:\\nodejs\\board\\node_modules\\express\\lib\\router\\index.js:47:12)","service":"general"}
{"level":"info","message":"[20:32:07]데이터 베이스 연결 성공","service":"general"}
{"level":"info","message":"[20:33:13]데이터 베이스 연결 성공","service":"general"}
{"level":"info","message":"[20:33:34]데이터 베이스 연결 성공","service":"general"}
{"level":"info","message":"[20:35:12]데이터 베이스 연결 성공","service":"general"}
{"level":"info","message":"[20:39:17]데이터 베이스 연결 성공","service":"general"}
{"level":"info","message":"[20:39:27]데이터 베이스 연결 성공","service":"general"}
{"level":"info","message":"[20:42:54]데이터 베이스 연결 성공","service":"general"}
{"level":"info","message":"[20:43:39]데이터 베이스 연결 성공","service":"general"}
{"level":"info","message":"[20:43:44]데이터 베이스 연결 성공","service":"general"}
{"level":"info","message":"[20:44:52]데이터 베이스 연결 성공","service":"general"}
{"level":"info","message":"[20:45:19]데이터 베이스 연결 성공","service":"general"}
{"level":"info","message":"[20:46:13]데이터 베이스 연결 성공","service":"general"}
{"level":"info","message":"[20:46:22]데이터 베이스 연결 성공","service":"general"}
{"level":"info","message":"[20:46:58]데이터 베이스 연결 성공","service":"general"}
{"level":"info","message":"[20:47:51]데이터 베이스 연결 성공","service":"general"}
{"level":"info","message":"[20:48:07]데이터 베이스 연결 성공","service":"general"}
{"level":"info","message":"[20:48:21]데이터 베이스 연결 성공","service":"general"}
{"level":"info","message":"[20:48:41]데이터 베이스 연결 성공","service":"general"}
{"level":"info","message":"[20:48:47]데이터 베이스 연결 성공","service":"general"}
{"level":"info","message":"[20:49:14]데이터 베이스 연결 성공","service":"general"}
{"level":"info","message":"[20:50:39]데이터 베이스 연결 성공","service":"general"}
{"level":"info","message":"[20:52:21]데이터 베이스 연결 성공","service":"general"}
{"level":"info","message":"[20:52:44]데이터 베이스 연결 성공","service":"general"}
{"level":"info","message":"[20:53:16]데이터 베이스 연결 성공","service":"general"}
{"level":"info","message":"[20:53:36]데이터 베이스 연결 성공","service":"general"}
{"level":"info","message":"[20:54:10]데이터 베이스 연결 성공","service":"general"}
{"level":"info","message":"[20:54:57]데이터 베이스 연결 성공","service":"general"}
{"level":"info","message":"[20:55:05]데이터 베이스 연결 성공","service":"general"}
{"level":"info","message":"[20:55:46]데이터 베이스 연결 성공","service":"general"}
{"level":"info","message":"[20:57:36]데이터 베이스 연결 성공","service":"general"}
{"level":"info","message":"[20:58:05]데이터 베이스 연결 성공","service":"general"}
{"level":"error","message":"[20:59:25][500]res.send is not a function","service":"general"}
{"level":"error","message":"[20:59:25]TypeError: res.send is not a function\n    at alert (D:\\nodejs\\board\\lib\\common.js:19:7)\n    at adminOnly (D:\\nodejs\\board\\middlewares\\member.js:118:11)\n    at Layer.handle [as handle_request] (D:\\nodejs\\board\\node_modules\\express\\lib\\router\\layer.js:95:5)\n    at trim_prefix (D:\\nodejs\\board\\node_modules\\express\\lib\\router\\index.js:317:13)\n    at D:\\nodejs\\board\\node_modules\\express\\lib\\router\\index.js:284:7\n    at Function.process_params (D:\\nodejs\\board\\node_modules\\express\\lib\\router\\index.js:335:12)\n    at next (D:\\nodejs\\board\\node_modules\\express\\lib\\router\\index.js:275:10)\n    at Function.handle (D:\\nodejs\\board\\node_modules\\express\\lib\\router\\index.js:174:3)\n    at router (D:\\nodejs\\board\\node_modules\\express\\lib\\router\\index.js:47:12)\n    at Layer.handle [as handle_request] (D:\\nodejs\\board\\node_modules\\express\\lib\\router\\layer.js:95:5)","service":"general"}
{"level":"info","message":"[21:00:10]데이터 베이스 연결 성공","service":"general"}
{"level":"info","message":"[21:00:16]데이터 베이스 연결 성공","service":"general"}
{"level":"info","message":"[21:00:26]데이터 베이스 연결 성공","service":"general"}
