{"level":"info","message":"[18:26:01]데이터 베이스 연결 성공","service":"general"}
{"level":"error","message":"[18:26:05][404]/favicon.ico은 없는 페이지 입니다.","service":"general"}
{"level":"error","message":"[18:26:05]Error: /favicon.ico은 없는 페이지 입니다.\n    at D:\\study\\express\\board\\app.js:69:16\n    at Layer.handle [as handle_request] (D:\\study\\express\\board\\node_modules\\express\\lib\\router\\layer.js:95:5)\n    at trim_prefix (D:\\study\\express\\board\\node_modules\\express\\lib\\router\\index.js:317:13)\n    at D:\\study\\express\\board\\node_modules\\express\\lib\\router\\index.js:284:7\n    at Function.process_params (D:\\study\\express\\board\\node_modules\\express\\lib\\router\\index.js:335:12)\n    at next (D:\\study\\express\\board\\node_modules\\express\\lib\\router\\index.js:275:10)\n    at D:\\study\\express\\board\\node_modules\\express\\lib\\router\\index.js:635:15\n    at next (D:\\study\\express\\board\\node_modules\\express\\lib\\router\\index.js:260:14)\n    at Function.handle (D:\\study\\express\\board\\node_modules\\express\\lib\\router\\index.js:174:3)\n    at router (D:\\study\\express\\board\\node_modules\\express\\lib\\router\\index.js:47:12)","service":"general"}
{"level":"error","message":"[18:26:20][404]/admin/member은 없는 페이지 입니다.","service":"general"}
{"level":"error","message":"[18:26:20]Error: /admin/member은 없는 페이지 입니다.\n    at D:\\study\\express\\board\\app.js:69:16\n    at Layer.handle [as handle_request] (D:\\study\\express\\board\\node_modules\\express\\lib\\router\\layer.js:95:5)\n    at trim_prefix (D:\\study\\express\\board\\node_modules\\express\\lib\\router\\index.js:317:13)\n    at D:\\study\\express\\board\\node_modules\\express\\lib\\router\\index.js:284:7\n    at Function.process_params (D:\\study\\express\\board\\node_modules\\express\\lib\\router\\index.js:335:12)\n    at next (D:\\study\\express\\board\\node_modules\\express\\lib\\router\\index.js:275:10)\n    at D:\\study\\express\\board\\node_modules\\express\\lib\\router\\index.js:635:15\n    at next (D:\\study\\express\\board\\node_modules\\express\\lib\\router\\index.js:260:14)\n    at Function.handle (D:\\study\\express\\board\\node_modules\\express\\lib\\router\\index.js:174:3)\n    at router (D:\\study\\express\\board\\node_modules\\express\\lib\\router\\index.js:47:12)","service":"general"}
{"level":"info","message":"[18:45:44]데이터 베이스 연결 성공","service":"general"}
{"level":"info","message":"[18:51:53]데이터 베이스 연결 성공","service":"general"}
{"level":"info","message":"[18:52:19]데이터 베이스 연결 성공","service":"general"}
{"level":"info","message":"[18:52:32]데이터 베이스 연결 성공","service":"general"}
{"level":"info","message":"[18:52:57]데이터 베이스 연결 성공","service":"general"}
{"level":"info","message":"[19:09:00]데이터 베이스 연결 성공","service":"general"}
{"level":"info","message":"[19:11:47]데이터 베이스 연결 성공","service":"general"}
{"level":"info","message":"[19:11:51]데이터 베이스 연결 성공","service":"general"}
{"level":"info","message":"[19:12:01]데이터 베이스 연결 성공","service":"general"}
{"level":"info","message":"[19:24:24]데이터 베이스 연결 성공","service":"general"}
{"level":"info","message":"[19:25:09]데이터 베이스 연결 성공","service":"general"}
{"level":"info","message":"[19:25:21]데이터 베이스 연결 성공","service":"general"}
{"level":"info","message":"[19:25:54]데이터 베이스 연결 성공","service":"general"}
{"level":"info","message":"[19:26:05]데이터 베이스 연결 성공","service":"general"}
{"level":"info","message":"[19:26:11]데이터 베이스 연결 성공","service":"general"}
{"level":"info","message":"[19:27:47]데이터 베이스 연결 성공","service":"general"}
{"level":"info","message":"[19:29:13]데이터 베이스 연결 성공","service":"general"}
{"level":"info","message":"[19:32:53]데이터 베이스 연결 성공","service":"general"}
{"level":"info","message":"[19:33:06]데이터 베이스 연결 성공","service":"general"}
{"level":"info","message":"[19:34:07]데이터 베이스 연결 성공","service":"general"}
{"level":"info","message":"[19:34:58]데이터 베이스 연결 성공","service":"general"}
{"level":"info","message":"[19:35:06]데이터 베이스 연결 성공","service":"general"}
{"level":"info","message":"[19:35:35]데이터 베이스 연결 성공","service":"general"}
{"level":"info","message":"[19:35:47]데이터 베이스 연결 성공","service":"general"}
{"level":"info","message":"[19:35:50]데이터 베이스 연결 성공","service":"general"}
{"level":"info","message":"[19:36:46]데이터 베이스 연결 성공","service":"general"}
{"level":"info","message":"[19:37:48]데이터 베이스 연결 성공","service":"general"}
{"level":"info","message":"[19:38:10]데이터 베이스 연결 성공","service":"general"}
{"level":"info","message":"[19:38:41]데이터 베이스 연결 성공","service":"general"}
{"level":"info","message":"[19:39:17]데이터 베이스 연결 성공","service":"general"}
{"level":"info","message":"[19:39:36]데이터 베이스 연결 성공","service":"general"}
{"level":"info","message":"[19:40:26]데이터 베이스 연결 성공","service":"general"}
{"level":"info","message":"[19:41:40]데이터 베이스 연결 성공","service":"general"}
{"level":"error","message":"[19:41:48]Assignment to constant variable.","service":"general"}
{"level":"error","message":"[19:41:48]TypeError: Assignment to constant variable.\n    at Object.insertInfo (D:\\study\\express\\board\\models\\uploadFile.js:27:8)\n    at processTicksAndRejections (internal/process/task_queues.js:93:5)","service":"general"}
{"level":"info","message":"[19:42:24]데이터 베이스 연결 성공","service":"general"}
{"level":"error","message":"[19:42:24]Assignment to constant variable.","service":"general"}
{"level":"error","message":"[19:42:24]TypeError: Assignment to constant variable.\n    at Object.insertInfo (D:\\study\\express\\board\\models\\uploadFile.js:27:8)\n    at processTicksAndRejections (internal/process/task_queues.js:93:5)","service":"general"}
{"level":"info","message":"[19:42:32]데이터 베이스 연결 성공","service":"general"}
{"level":"info","message":"[19:42:49]데이터 베이스 연결 성공","service":"general"}
{"level":"info","message":"[19:42:57]데이터 베이스 연결 성공","service":"general"}
{"level":"info","message":"[19:43:11]데이터 베이스 연결 성공","service":"general"}
{"level":"error","message":"[19:43:17]Assignment to constant variable.","service":"general"}
{"level":"info","message":"[19:44:08]데이터 베이스 연결 성공","service":"general"}
{"level":"info","message":"[19:44:50]데이터 베이스 연결 성공","service":"general"}
{"level":"info","message":"[19:45:03]데이터 베이스 연결 성공","service":"general"}
{"level":"info","message":"[19:45:21]데이터 베이스 연결 성공","service":"general"}
{"level":"info","message":"[19:46:12]데이터 베이스 연결 성공","service":"general"}
{"level":"info","message":"[19:46:50]데이터 베이스 연결 성공","service":"general"}
{"level":"info","message":"[19:47:59]데이터 베이스 연결 성공","service":"general"}
{"level":"info","message":"[19:51:09]데이터 베이스 연결 성공","service":"general"}
{"level":"info","message":"[19:52:40]데이터 베이스 연결 성공","service":"general"}
{"level":"info","message":"[19:56:26]데이터 베이스 연결 성공","service":"general"}
{"level":"info","message":"[19:56:29]데이터 베이스 연결 성공","service":"general"}
{"level":"info","message":"[19:56:46]데이터 베이스 연결 성공","service":"general"}
{"level":"info","message":"[19:57:14]데이터 베이스 연결 성공","service":"general"}
{"level":"info","message":"[19:57:23]데이터 베이스 연결 성공","service":"general"}
{"level":"info","message":"[20:01:17]데이터 베이스 연결 성공","service":"general"}
{"level":"info","message":"[20:01:28]데이터 베이스 연결 성공","service":"general"}
{"level":"info","message":"[20:02:27]데이터 베이스 연결 성공","service":"general"}
