{"level":"info","message":"[18:40:00]데이터 베이스 연결 성공","service":"general"}
{"level":"error","message":"[18:40:18][404]/favicon.ico은 없는 페이지 입니다.","service":"general"}
{"level":"error","message":"[18:40:18]Error: /favicon.ico은 없는 페이지 입니다.\n    at D:\\study\\express\\board\\app.js:65:16\n    at Layer.handle [as handle_request] (D:\\study\\express\\board\\node_modules\\express\\lib\\router\\layer.js:95:5)\n    at trim_prefix (D:\\study\\express\\board\\node_modules\\express\\lib\\router\\index.js:317:13)\n    at D:\\study\\express\\board\\node_modules\\express\\lib\\router\\index.js:284:7\n    at Function.process_params (D:\\study\\express\\board\\node_modules\\express\\lib\\router\\index.js:335:12)\n    at next (D:\\study\\express\\board\\node_modules\\express\\lib\\router\\index.js:275:10)\n    at D:\\study\\express\\board\\node_modules\\express\\lib\\router\\index.js:635:15\n    at next (D:\\study\\express\\board\\node_modules\\express\\lib\\router\\index.js:260:14)\n    at Function.handle (D:\\study\\express\\board\\node_modules\\express\\lib\\router\\index.js:174:3)\n    at router (D:\\study\\express\\board\\node_modules\\express\\lib\\router\\index.js:47:12)","service":"general"}
{"level":"info","message":"[18:52:05]데이터 베이스 연결 성공","service":"general"}
{"level":"info","message":"[18:58:36]데이터 베이스 연결 성공","service":"general"}
{"level":"info","message":"[19:02:54]데이터 베이스 연결 성공","service":"general"}
{"level":"error","message":"[19:23:51][404]/admin/member은 없는 페이지 입니다.","service":"general"}
{"level":"error","message":"[19:23:51]Error: /admin/member은 없는 페이지 입니다.\n    at D:\\study\\express\\board\\app.js:65:16\n    at Layer.handle [as handle_request] (D:\\study\\express\\board\\node_modules\\express\\lib\\router\\layer.js:95:5)\n    at trim_prefix (D:\\study\\express\\board\\node_modules\\express\\lib\\router\\index.js:317:13)\n    at D:\\study\\express\\board\\node_modules\\express\\lib\\router\\index.js:284:7\n    at Function.process_params (D:\\study\\express\\board\\node_modules\\express\\lib\\router\\index.js:335:12)\n    at next (D:\\study\\express\\board\\node_modules\\express\\lib\\router\\index.js:275:10)\n    at D:\\study\\express\\board\\node_modules\\express\\lib\\router\\index.js:635:15\n    at next (D:\\study\\express\\board\\node_modules\\express\\lib\\router\\index.js:260:14)\n    at Function.handle (D:\\study\\express\\board\\node_modules\\express\\lib\\router\\index.js:174:3)\n    at router (D:\\study\\express\\board\\node_modules\\express\\lib\\router\\index.js:47:12)","service":"general"}
{"level":"info","message":"[19:24:28]데이터 베이스 연결 성공","service":"general"}
{"level":"info","message":"[19:26:03]데이터 베이스 연결 성공","service":"general"}
{"level":"info","message":"[19:26:16]데이터 베이스 연결 성공","service":"general"}
{"level":"info","message":"[19:26:46]데이터 베이스 연결 성공","service":"general"}
{"level":"info","message":"[19:27:02]데이터 베이스 연결 성공","service":"general"}
{"level":"info","message":"[19:27:24]데이터 베이스 연결 성공","service":"general"}
{"level":"info","message":"[19:52:23]데이터 베이스 연결 성공","service":"general"}
{"level":"info","message":"[19:52:31]데이터 베이스 연결 성공","service":"general"}
{"level":"info","message":"[19:53:55]데이터 베이스 연결 성공","service":"general"}
{"level":"info","message":"[19:54:04]데이터 베이스 연결 성공","service":"general"}
{"level":"info","message":"[19:54:07]데이터 베이스 연결 성공","service":"general"}
{"level":"info","message":"[19:54:15]데이터 베이스 연결 성공","service":"general"}
{"level":"info","message":"[19:54:23]데이터 베이스 연결 성공","service":"general"}
{"level":"info","message":"[19:55:09]데이터 베이스 연결 성공","service":"general"}
{"level":"info","message":"[19:55:12]데이터 베이스 연결 성공","service":"general"}
{"level":"info","message":"[19:55:43]데이터 베이스 연결 성공","service":"general"}
{"level":"info","message":"[19:56:25]데이터 베이스 연결 성공","service":"general"}
{"level":"info","message":"[19:56:29]데이터 베이스 연결 성공","service":"general"}
{"level":"info","message":"[19:57:27]데이터 베이스 연결 성공","service":"general"}
{"level":"info","message":"[19:58:25]데이터 베이스 연결 성공","service":"general"}
{"level":"info","message":"[19:58:27]데이터 베이스 연결 성공","service":"general"}
{"level":"info","message":"[19:58:55]데이터 베이스 연결 성공","service":"general"}
{"level":"info","message":"[19:59:17]데이터 베이스 연결 성공","service":"general"}
{"level":"info","message":"[19:59:37]데이터 베이스 연결 성공","service":"general"}
{"level":"info","message":"[19:59:40]데이터 베이스 연결 성공","service":"general"}
{"level":"info","message":"[20:00:17]데이터 베이스 연결 성공","service":"general"}
{"level":"info","message":"[20:00:37]데이터 베이스 연결 성공","service":"general"}
{"level":"info","message":"[20:00:43]데이터 베이스 연결 성공","service":"general"}
{"level":"info","message":"[20:00:52]데이터 베이스 연결 성공","service":"general"}
{"level":"info","message":"[20:01:48]데이터 베이스 연결 성공","service":"general"}
{"level":"info","message":"[20:03:02]데이터 베이스 연결 성공","service":"general"}
{"level":"info","message":"[20:04:58]데이터 베이스 연결 성공","service":"general"}
{"level":"info","message":"[20:05:08]데이터 베이스 연결 성공","service":"general"}
{"level":"info","message":"[20:05:10]데이터 베이스 연결 성공","service":"general"}
{"level":"info","message":"[20:05:35]데이터 베이스 연결 성공","service":"general"}
{"level":"info","message":"[20:06:03]데이터 베이스 연결 성공","service":"general"}
{"level":"error","message":"[20:06:12]SequelizeDatabaseError: Table 'board.board' doesn't exist\n    at Query.formatError (D:\\study\\express\\board\\node_modules\\sequelize\\lib\\dialects\\mysql\\query.js:265:16)\n    at Query.run (D:\\study\\express\\board\\node_modules\\sequelize\\lib\\dialects\\mysql\\query.js:77:18)\n    at processTicksAndRejections (internal/process/task_queues.js:93:5)\n    at async D:\\study\\express\\board\\node_modules\\sequelize\\lib\\sequelize.js:619:16\n    at async Object.create (D:\\study\\express\\board\\models\\board.js:25:4)","service":"general"}
{"level":"error","message":"[20:06:12]Table 'board.board' doesn't exist","service":"general"}
{"level":"info","message":"[20:06:31]데이터 베이스 연결 성공","service":"general"}
{"level":"info","message":"[20:06:41]데이터 베이스 연결 성공","service":"general"}
