{"level":"info","message":"[19:09:08]데이터 베이스 연결 성공","service":"general"}
{"level":"error","message":"[19:09:11][404]/favicon.ico은 없는 페이지 입니다.","service":"general"}
{"level":"error","message":"[19:09:11]Error: /favicon.ico은 없는 페이지 입니다.\n    at D:\\nodejs\\board\\app.js:69:16\n    at Layer.handle [as handle_request] (D:\\nodejs\\board\\node_modules\\express\\lib\\router\\layer.js:95:5)\n    at trim_prefix (D:\\nodejs\\board\\node_modules\\express\\lib\\router\\index.js:317:13)\n    at D:\\nodejs\\board\\node_modules\\express\\lib\\router\\index.js:284:7\n    at Function.process_params (D:\\nodejs\\board\\node_modules\\express\\lib\\router\\index.js:335:12)\n    at next (D:\\nodejs\\board\\node_modules\\express\\lib\\router\\index.js:275:10)\n    at D:\\nodejs\\board\\node_modules\\express\\lib\\router\\index.js:635:15\n    at next (D:\\nodejs\\board\\node_modules\\express\\lib\\router\\index.js:260:14)\n    at Function.handle (D:\\nodejs\\board\\node_modules\\express\\lib\\router\\index.js:174:3)\n    at router (D:\\nodejs\\board\\node_modules\\express\\lib\\router\\index.js:47:12)","service":"general"}
{"level":"info","message":"[19:49:42]데이터 베이스 연결 성공","service":"general"}
{"level":"info","message":"[19:56:38]데이터 베이스 연결 성공","service":"general"}
{"level":"info","message":"[19:56:50]데이터 베이스 연결 성공","service":"general"}
{"level":"info","message":"[19:57:28]데이터 베이스 연결 성공","service":"general"}
{"level":"info","message":"[19:59:45]데이터 베이스 연결 성공","service":"general"}
{"level":"info","message":"[20:00:12]데이터 베이스 연결 성공","service":"general"}
{"level":"info","message":"[20:00:25]데이터 베이스 연결 성공","service":"general"}
{"level":"info","message":"[20:04:08]데이터 베이스 연결 성공","service":"general"}
{"level":"info","message":"[20:04:25]데이터 베이스 연결 성공","service":"general"}
{"level":"info","message":"[20:04:29]데이터 베이스 연결 성공","service":"general"}
{"level":"info","message":"[20:05:12]데이터 베이스 연결 성공","service":"general"}
{"level":"info","message":"[20:05:27]데이터 베이스 연결 성공","service":"general"}
{"level":"error","message":"[20:05:39][404]/css/board/style.css은 없는 페이지 입니다.","service":"general"}
{"level":"error","message":"[20:05:39]Error: /css/board/style.css은 없는 페이지 입니다.\n    at D:\\nodejs\\board\\app.js:69:16\n    at Layer.handle [as handle_request] (D:\\nodejs\\board\\node_modules\\express\\lib\\router\\layer.js:95:5)\n    at trim_prefix (D:\\nodejs\\board\\node_modules\\express\\lib\\router\\index.js:317:13)\n    at D:\\nodejs\\board\\node_modules\\express\\lib\\router\\index.js:284:7\n    at Function.process_params (D:\\nodejs\\board\\node_modules\\express\\lib\\router\\index.js:335:12)\n    at next (D:\\nodejs\\board\\node_modules\\express\\lib\\router\\index.js:275:10)\n    at D:\\nodejs\\board\\node_modules\\express\\lib\\router\\index.js:635:15\n    at next (D:\\nodejs\\board\\node_modules\\express\\lib\\router\\index.js:260:14)\n    at Function.handle (D:\\nodejs\\board\\node_modules\\express\\lib\\router\\index.js:174:3)\n    at router (D:\\nodejs\\board\\node_modules\\express\\lib\\router\\index.js:47:12)","service":"general"}
{"level":"error","message":"[20:19:29][404]/board/board/list/notice은 없는 페이지 입니다.","service":"general"}
{"level":"error","message":"[20:19:29]Error: /board/board/list/notice은 없는 페이지 입니다.\n    at D:\\nodejs\\board\\app.js:69:16\n    at Layer.handle [as handle_request] (D:\\nodejs\\board\\node_modules\\express\\lib\\router\\layer.js:95:5)\n    at trim_prefix (D:\\nodejs\\board\\node_modules\\express\\lib\\router\\index.js:317:13)\n    at D:\\nodejs\\board\\node_modules\\express\\lib\\router\\index.js:284:7\n    at Function.process_params (D:\\nodejs\\board\\node_modules\\express\\lib\\router\\index.js:335:12)\n    at next (D:\\nodejs\\board\\node_modules\\express\\lib\\router\\index.js:275:10)\n    at D:\\nodejs\\board\\node_modules\\express\\lib\\router\\index.js:635:15\n    at next (D:\\nodejs\\board\\node_modules\\express\\lib\\router\\index.js:260:14)\n    at D:\\nodejs\\board\\routes\\board\\index.js:22:2\n    at Layer.handle [as handle_request] (D:\\nodejs\\board\\node_modules\\express\\lib\\router\\layer.js:95:5)","service":"general"}
{"level":"error","message":"[20:19:59][404]/board/list/notice은 없는 페이지 입니다.","service":"general"}
{"level":"error","message":"[20:19:59]Error: /board/list/notice은 없는 페이지 입니다.\n    at D:\\nodejs\\board\\app.js:69:16\n    at Layer.handle [as handle_request] (D:\\nodejs\\board\\node_modules\\express\\lib\\router\\layer.js:95:5)\n    at trim_prefix (D:\\nodejs\\board\\node_modules\\express\\lib\\router\\index.js:317:13)\n    at D:\\nodejs\\board\\node_modules\\express\\lib\\router\\index.js:284:7\n    at Function.process_params (D:\\nodejs\\board\\node_modules\\express\\lib\\router\\index.js:335:12)\n    at next (D:\\nodejs\\board\\node_modules\\express\\lib\\router\\index.js:275:10)\n    at D:\\nodejs\\board\\node_modules\\express\\lib\\router\\index.js:635:15\n    at next (D:\\nodejs\\board\\node_modules\\express\\lib\\router\\index.js:260:14)\n    at D:\\nodejs\\board\\routes\\board\\index.js:22:2\n    at Layer.handle [as handle_request] (D:\\nodejs\\board\\node_modules\\express\\lib\\router\\layer.js:95:5)","service":"general"}
{"level":"info","message":"[20:22:20]데이터 베이스 연결 성공","service":"general"}
{"level":"info","message":"[20:23:28]데이터 베이스 연결 성공","service":"general"}
{"level":"info","message":"[20:24:08]데이터 베이스 연결 성공","service":"general"}
{"level":"info","message":"[20:24:30]데이터 베이스 연결 성공","service":"general"}
{"level":"info","message":"[20:25:11]데이터 베이스 연결 성공","service":"general"}
{"level":"info","message":"[20:27:08]데이터 베이스 연결 성공","service":"general"}
{"level":"info","message":"[20:27:40]데이터 베이스 연결 성공","service":"general"}
{"level":"info","message":"[20:27:58]데이터 베이스 연결 성공","service":"general"}
{"level":"info","message":"[20:28:32]데이터 베이스 연결 성공","service":"general"}
{"level":"error","message":"[20:31:13][500](D:\\nodejs\\board\\views\\board\\view.html)\n  Template render error: (D:\\nodejs\\board\\views\\board\\skins\\default\\_view.html) [Line 18, Column 5]\n  unknown block tag: attachFIles","service":"general"}
{"level":"error","message":"[20:31:13]Template render error: (D:\\nodejs\\board\\views\\board\\view.html)\n  Template render error: (D:\\nodejs\\board\\views\\board\\skins\\default\\_view.html) [Line 18, Column 5]\n  unknown block tag: attachFIles\n    at Object._prettifyError (D:\\nodejs\\board\\node_modules\\nunjucks\\src\\lib.js:36:11)\n    at D:\\nodejs\\board\\node_modules\\nunjucks\\src\\environment.js:563:19\n    at eval (eval at _compile (D:\\nodejs\\board\\node_modules\\nunjucks\\src\\environment.js:633:18), <anonymous>:83:12)\n    at eval (eval at _compile (D:\\nodejs\\board\\node_modules\\nunjucks\\src\\environment.js:633:18), <anonymous>:46:11)\n    at D:\\nodejs\\board\\node_modules\\nunjucks\\src\\environment.js:41:5\n    at RawTask.call (D:\\nodejs\\board\\node_modules\\asap\\asap.js:40:19)\n    at flush (D:\\nodejs\\board\\node_modules\\asap\\raw.js:50:29)\n    at processTicksAndRejections (internal/process/task_queues.js:75:11)","service":"general"}
{"level":"error","message":"[20:38:48][404]/board/list/notice은 없는 페이지 입니다.","service":"general"}
{"level":"error","message":"[20:38:48]Error: /board/list/notice은 없는 페이지 입니다.\n    at D:\\nodejs\\board\\app.js:69:16\n    at Layer.handle [as handle_request] (D:\\nodejs\\board\\node_modules\\express\\lib\\router\\layer.js:95:5)\n    at trim_prefix (D:\\nodejs\\board\\node_modules\\express\\lib\\router\\index.js:317:13)\n    at D:\\nodejs\\board\\node_modules\\express\\lib\\router\\index.js:284:7\n    at Function.process_params (D:\\nodejs\\board\\node_modules\\express\\lib\\router\\index.js:335:12)\n    at next (D:\\nodejs\\board\\node_modules\\express\\lib\\router\\index.js:275:10)\n    at D:\\nodejs\\board\\node_modules\\express\\lib\\router\\index.js:635:15\n    at next (D:\\nodejs\\board\\node_modules\\express\\lib\\router\\index.js:260:14)\n    at D:\\nodejs\\board\\routes\\board\\index.js:22:2\n    at Layer.handle [as handle_request] (D:\\nodejs\\board\\node_modules\\express\\lib\\router\\layer.js:95:5)","service":"general"}
{"level":"info","message":"[20:39:25]데이터 베이스 연결 성공","service":"general"}
{"level":"info","message":"[20:39:39]데이터 베이스 연결 성공","service":"general"}
{"level":"info","message":"[20:39:45]데이터 베이스 연결 성공","service":"general"}
{"level":"info","message":"[20:39:55]데이터 베이스 연결 성공","service":"general"}
{"level":"info","message":"[20:39:58]데이터 베이스 연결 성공","service":"general"}
{"level":"info","message":"[20:40:46]데이터 베이스 연결 성공","service":"general"}
{"level":"info","message":"[20:41:10]데이터 베이스 연결 성공","service":"general"}
{"level":"info","message":"[20:43:03]데이터 베이스 연결 성공","service":"general"}
{"level":"info","message":"[20:43:08]데이터 베이스 연결 성공","service":"general"}
{"level":"info","message":"[20:43:12]데이터 베이스 연결 성공","service":"general"}
{"level":"info","message":"[20:47:04]데이터 베이스 연결 성공","service":"general"}
{"level":"info","message":"[20:48:12]데이터 베이스 연결 성공","service":"general"}
{"level":"info","message":"[20:48:29]데이터 베이스 연결 성공","service":"general"}
{"level":"info","message":"[20:48:53]데이터 베이스 연결 성공","service":"general"}
{"level":"info","message":"[20:48:56]데이터 베이스 연결 성공","service":"general"}
{"level":"info","message":"[20:49:05]데이터 베이스 연결 성공","service":"general"}
{"level":"info","message":"[20:50:03]데이터 베이스 연결 성공","service":"general"}
{"level":"info","message":"[20:51:03]데이터 베이스 연결 성공","service":"general"}
{"level":"info","message":"[20:52:03]데이터 베이스 연결 성공","service":"general"}
{"level":"info","message":"[20:52:15]데이터 베이스 연결 성공","service":"general"}
{"level":"info","message":"[20:58:34]데이터 베이스 연결 성공","service":"general"}
{"level":"info","message":"[20:58:39]데이터 베이스 연결 성공","service":"general"}
{"level":"info","message":"[20:59:36]데이터 베이스 연결 성공","service":"general"}
{"level":"info","message":"[20:59:42]데이터 베이스 연결 성공","service":"general"}
{"level":"info","message":"[21:00:02]데이터 베이스 연결 성공","service":"general"}
{"level":"info","message":"[21:00:14]데이터 베이스 연결 성공","service":"general"}
{"level":"info","message":"[21:00:41]데이터 베이스 연결 성공","service":"general"}
{"level":"info","message":"[21:00:58]데이터 베이스 연결 성공","service":"general"}
{"level":"info","message":"[21:01:02]데이터 베이스 연결 성공","service":"general"}
{"level":"info","message":"[21:01:22]데이터 베이스 연결 성공","service":"general"}
{"level":"info","message":"[21:01:26]데이터 베이스 연결 성공","service":"general"}
{"level":"info","message":"[21:01:31]데이터 베이스 연결 성공","service":"general"}
{"level":"info","message":"[21:01:34]데이터 베이스 연결 성공","service":"general"}
{"level":"info","message":"[21:01:50]데이터 베이스 연결 성공","service":"general"}
{"level":"info","message":"[21:02:15]데이터 베이스 연결 성공","service":"general"}
{"level":"info","message":"[21:02:29]데이터 베이스 연결 성공","service":"general"}
