{"level":"info","message":"[08:13:21]데이터 베이스 연결 성공","service":"general"}
{"level":"error","message":"[08:13:46][404]/favicon.ico은 없는 페이지 입니다.","service":"general"}
{"level":"error","message":"[08:13:46]Error: /favicon.ico은 없는 페이지 입니다.\n    at D:\\nodejs\\board\\app.js:69:16\n    at Layer.handle [as handle_request] (D:\\nodejs\\board\\node_modules\\express\\lib\\router\\layer.js:95:5)\n    at trim_prefix (D:\\nodejs\\board\\node_modules\\express\\lib\\router\\index.js:317:13)\n    at D:\\nodejs\\board\\node_modules\\express\\lib\\router\\index.js:284:7\n    at Function.process_params (D:\\nodejs\\board\\node_modules\\express\\lib\\router\\index.js:335:12)\n    at next (D:\\nodejs\\board\\node_modules\\express\\lib\\router\\index.js:275:10)\n    at D:\\nodejs\\board\\node_modules\\express\\lib\\router\\index.js:635:15\n    at next (D:\\nodejs\\board\\node_modules\\express\\lib\\router\\index.js:260:14)\n    at Function.handle (D:\\nodejs\\board\\node_modules\\express\\lib\\router\\index.js:174:3)\n    at router (D:\\nodejs\\board\\node_modules\\express\\lib\\router\\index.js:47:12)","service":"general"}
{"level":"info","message":"[09:04:45]데이터 베이스 연결 성공","service":"general"}
{"level":"info","message":"[09:05:04]데이터 베이스 연결 성공","service":"general"}
{"level":"info","message":"[09:05:13]데이터 베이스 연결 성공","service":"general"}
{"level":"info","message":"[09:06:08]데이터 베이스 연결 성공","service":"general"}
{"level":"info","message":"[09:06:17]데이터 베이스 연결 성공","service":"general"}
{"level":"info","message":"[09:07:29]데이터 베이스 연결 성공","service":"general"}
{"level":"info","message":"[09:24:25]데이터 베이스 연결 성공","service":"general"}
{"level":"info","message":"[09:24:57]데이터 베이스 연결 성공","service":"general"}
{"level":"info","message":"[09:25:00]데이터 베이스 연결 성공","service":"general"}
{"level":"info","message":"[09:25:07]데이터 베이스 연결 성공","service":"general"}
{"level":"info","message":"[09:25:52]데이터 베이스 연결 성공","service":"general"}
{"level":"info","message":"[09:25:58]데이터 베이스 연결 성공","service":"general"}
{"level":"info","message":"[09:26:14]데이터 베이스 연결 성공","service":"general"}
{"level":"info","message":"[09:27:05]데이터 베이스 연결 성공","service":"general"}
{"level":"info","message":"[09:28:02]데이터 베이스 연결 성공","service":"general"}
{"level":"info","message":"[09:30:08]데이터 베이스 연결 성공","service":"general"}
{"level":"info","message":"[09:30:44]데이터 베이스 연결 성공","service":"general"}
{"level":"info","message":"[09:34:12]데이터 베이스 연결 성공","service":"general"}
{"level":"info","message":"[09:35:06]데이터 베이스 연결 성공","service":"general"}
{"level":"info","message":"[09:35:45]데이터 베이스 연결 성공","service":"general"}
{"level":"info","message":"[09:36:41]데이터 베이스 연결 성공","service":"general"}
{"level":"info","message":"[09:37:15]데이터 베이스 연결 성공","service":"general"}
{"level":"info","message":"[09:37:53]데이터 베이스 연결 성공","service":"general"}
{"level":"info","message":"[09:38:09]데이터 베이스 연결 성공","service":"general"}
{"level":"info","message":"[09:44:56]데이터 베이스 연결 성공","service":"general"}
{"level":"info","message":"[09:45:03]데이터 베이스 연결 성공","service":"general"}
{"level":"info","message":"[09:48:26]데이터 베이스 연결 성공","service":"general"}
{"level":"info","message":"[09:49:39]데이터 베이스 연결 성공","service":"general"}
{"level":"info","message":"[09:51:33]데이터 베이스 연결 성공","service":"general"}
{"level":"info","message":"[09:51:39]데이터 베이스 연결 성공","service":"general"}
{"level":"info","message":"[09:51:41]데이터 베이스 연결 성공","service":"general"}
{"level":"info","message":"[09:51:49]데이터 베이스 연결 성공","service":"general"}
{"level":"info","message":"[09:52:00]데이터 베이스 연결 성공","service":"general"}
{"level":"info","message":"[09:53:24]데이터 베이스 연결 성공","service":"general"}
{"level":"info","message":"[09:53:33]데이터 베이스 연결 성공","service":"general"}
{"level":"info","message":"[09:53:41]데이터 베이스 연결 성공","service":"general"}
{"level":"info","message":"[09:54:02]데이터 베이스 연결 성공","service":"general"}
{"level":"info","message":"[09:54:05]데이터 베이스 연결 성공","service":"general"}
{"level":"info","message":"[09:54:48]데이터 베이스 연결 성공","service":"general"}
{"level":"info","message":"[09:54:52]데이터 베이스 연결 성공","service":"general"}
{"level":"info","message":"[09:56:09]데이터 베이스 연결 성공","service":"general"}
{"level":"info","message":"[09:57:03]데이터 베이스 연결 성공","service":"general"}
{"level":"info","message":"[09:57:10]데이터 베이스 연결 성공","service":"general"}
{"level":"info","message":"[09:57:12]데이터 베이스 연결 성공","service":"general"}
{"level":"info","message":"[09:59:50]데이터 베이스 연결 성공","service":"general"}
{"level":"info","message":"[09:59:58]데이터 베이스 연결 성공","service":"general"}
{"level":"info","message":"[10:00:39]데이터 베이스 연결 성공","service":"general"}
{"level":"info","message":"[10:01:01]데이터 베이스 연결 성공","service":"general"}
{"level":"info","message":"[10:01:08]데이터 베이스 연결 성공","service":"general"}
{"level":"info","message":"[10:03:52]데이터 베이스 연결 성공","service":"general"}
{"level":"error","message":"[10:03:52]Cannot read properties of undefined (reading 'replace')","service":"general"}
{"level":"error","message":"[10:03:52]TypeError: Cannot read properties of undefined (reading 'replace')\n    at D:\\nodejs\\board\\models\\board.js:449:38\n    at Array.forEach (<anonymous>)\n    at Object.getComments (D:\\nodejs\\board\\models\\board.js:448:9)\n    at processTicksAndRejections (node:internal/process/task_queues:96:5)\n    at async Object.get (D:\\nodejs\\board\\models\\board.js:247:20)\n    at async D:\\nodejs\\board\\routes\\board\\index.js:80:15","service":"general"}
{"level":"info","message":"[10:04:14]데이터 베이스 연결 성공","service":"general"}
{"level":"info","message":"[10:04:30]데이터 베이스 연결 성공","service":"general"}
{"level":"info","message":"[10:05:14]데이터 베이스 연결 성공","service":"general"}
{"level":"info","message":"[10:06:37]데이터 베이스 연결 성공","service":"general"}
{"level":"info","message":"[10:06:40]데이터 베이스 연결 성공","service":"general"}
{"level":"info","message":"[10:07:25]데이터 베이스 연결 성공","service":"general"}
{"level":"info","message":"[10:08:19]데이터 베이스 연결 성공","service":"general"}
{"level":"info","message":"[10:09:09]데이터 베이스 연결 성공","service":"general"}
{"level":"info","message":"[10:09:12]데이터 베이스 연결 성공","service":"general"}
{"level":"info","message":"[10:09:33]데이터 베이스 연결 성공","service":"general"}
{"level":"info","message":"[10:09:49]데이터 베이스 연결 성공","service":"general"}
{"level":"info","message":"[10:10:18]데이터 베이스 연결 성공","service":"general"}
{"level":"info","message":"[10:10:21]데이터 베이스 연결 성공","service":"general"}
{"level":"info","message":"[10:10:36]데이터 베이스 연결 성공","service":"general"}
{"level":"info","message":"[10:10:43]데이터 베이스 연결 성공","service":"general"}
{"level":"info","message":"[10:10:48]데이터 베이스 연결 성공","service":"general"}
{"level":"info","message":"[10:11:24]데이터 베이스 연결 성공","service":"general"}
{"level":"info","message":"[10:11:39]데이터 베이스 연결 성공","service":"general"}
{"level":"info","message":"[10:12:13]데이터 베이스 연결 성공","service":"general"}
{"level":"info","message":"[10:12:20]데이터 베이스 연결 성공","service":"general"}
{"level":"info","message":"[10:12:45]데이터 베이스 연결 성공","service":"general"}
{"level":"info","message":"[10:13:25]데이터 베이스 연결 성공","service":"general"}
{"level":"info","message":"[10:13:54]데이터 베이스 연결 성공","service":"general"}
{"level":"info","message":"[10:14:03]데이터 베이스 연결 성공","service":"general"}
{"level":"info","message":"[10:14:41]데이터 베이스 연결 성공","service":"general"}
{"level":"info","message":"[10:15:22]데이터 베이스 연결 성공","service":"general"}
{"level":"info","message":"[10:15:42]데이터 베이스 연결 성공","service":"general"}
{"level":"info","message":"[10:15:52]데이터 베이스 연결 성공","service":"general"}
{"level":"info","message":"[10:16:11]데이터 베이스 연결 성공","service":"general"}
{"level":"info","message":"[10:16:37]데이터 베이스 연결 성공","service":"general"}
{"level":"info","message":"[10:17:14]데이터 베이스 연결 성공","service":"general"}
{"level":"info","message":"[10:37:50]데이터 베이스 연결 성공","service":"general"}
{"level":"info","message":"[10:38:12]데이터 베이스 연결 성공","service":"general"}
{"level":"info","message":"[10:38:16]데이터 베이스 연결 성공","service":"general"}
{"level":"info","message":"[10:38:41]데이터 베이스 연결 성공","service":"general"}
{"level":"info","message":"[10:38:58]데이터 베이스 연결 성공","service":"general"}
{"level":"info","message":"[10:39:02]데이터 베이스 연결 성공","service":"general"}
{"level":"info","message":"[10:39:06]데이터 베이스 연결 성공","service":"general"}
{"level":"info","message":"[10:39:07]데이터 베이스 연결 성공","service":"general"}
{"level":"info","message":"[10:39:38]데이터 베이스 연결 성공","service":"general"}
{"level":"info","message":"[10:39:56]데이터 베이스 연결 성공","service":"general"}
{"level":"info","message":"[10:40:08]데이터 베이스 연결 성공","service":"general"}
{"level":"info","message":"[10:40:52]데이터 베이스 연결 성공","service":"general"}
{"level":"info","message":"[10:41:04]데이터 베이스 연결 성공","service":"general"}
{"level":"info","message":"[10:41:25]데이터 베이스 연결 성공","service":"general"}
{"level":"info","message":"[10:42:32]데이터 베이스 연결 성공","service":"general"}
{"level":"info","message":"[10:42:39]데이터 베이스 연결 성공","service":"general"}
{"level":"info","message":"[10:43:20]데이터 베이스 연결 성공","service":"general"}
{"level":"info","message":"[10:43:37]데이터 베이스 연결 성공","service":"general"}
{"level":"info","message":"[10:44:51]데이터 베이스 연결 성공","service":"general"}
{"level":"info","message":"[10:45:04]데이터 베이스 연결 성공","service":"general"}
{"level":"info","message":"[10:45:54]데이터 베이스 연결 성공","service":"general"}
{"level":"info","message":"[10:45:59]데이터 베이스 연결 성공","service":"general"}
{"level":"info","message":"[10:46:27]데이터 베이스 연결 성공","service":"general"}
{"level":"info","message":"[10:46:31]데이터 베이스 연결 성공","service":"general"}
{"level":"info","message":"[10:46:39]데이터 베이스 연결 성공","service":"general"}
{"level":"info","message":"[10:46:47]데이터 베이스 연결 성공","service":"general"}
{"level":"info","message":"[10:47:13]데이터 베이스 연결 성공","service":"general"}
{"level":"info","message":"[10:48:12]데이터 베이스 연결 성공","service":"general"}
{"level":"info","message":"[10:48:41]데이터 베이스 연결 성공","service":"general"}
{"level":"info","message":"[10:49:01]데이터 베이스 연결 성공","service":"general"}
{"level":"info","message":"[10:50:14]데이터 베이스 연결 성공","service":"general"}
{"level":"info","message":"[10:50:58]데이터 베이스 연결 성공","service":"general"}
{"level":"info","message":"[10:51:22]데이터 베이스 연결 성공","service":"general"}
{"level":"info","message":"[10:52:38]데이터 베이스 연결 성공","service":"general"}
{"level":"info","message":"[10:53:18]데이터 베이스 연결 성공","service":"general"}
{"level":"info","message":"[10:53:25]데이터 베이스 연결 성공","service":"general"}
{"level":"info","message":"[10:53:43]데이터 베이스 연결 성공","service":"general"}
{"level":"info","message":"[10:55:47]데이터 베이스 연결 성공","service":"general"}
{"level":"info","message":"[10:57:33]데이터 베이스 연결 성공","service":"general"}
{"level":"info","message":"[10:58:04]데이터 베이스 연결 성공","service":"general"}
{"level":"info","message":"[10:58:27]데이터 베이스 연결 성공","service":"general"}
{"level":"info","message":"[10:59:38]데이터 베이스 연결 성공","service":"general"}
{"level":"info","message":"[10:59:52]데이터 베이스 연결 성공","service":"general"}
{"level":"info","message":"[11:07:12]데이터 베이스 연결 성공","service":"general"}
{"level":"info","message":"[11:08:53]데이터 베이스 연결 성공","service":"general"}
{"level":"info","message":"[11:09:18]데이터 베이스 연결 성공","service":"general"}
{"level":"info","message":"[11:09:52]데이터 베이스 연결 성공","service":"general"}
{"level":"info","message":"[11:09:56]데이터 베이스 연결 성공","service":"general"}
{"level":"info","message":"[11:10:25]데이터 베이스 연결 성공","service":"general"}
{"level":"info","message":"[11:10:31]데이터 베이스 연결 성공","service":"general"}
{"level":"info","message":"[11:10:41]데이터 베이스 연결 성공","service":"general"}
{"level":"info","message":"[11:10:59]데이터 베이스 연결 성공","service":"general"}
{"level":"info","message":"[11:11:19]데이터 베이스 연결 성공","service":"general"}
{"level":"info","message":"[11:11:25]데이터 베이스 연결 성공","service":"general"}
{"level":"info","message":"[11:12:38]데이터 베이스 연결 성공","service":"general"}
{"level":"info","message":"[11:14:48]데이터 베이스 연결 성공","service":"general"}
{"level":"info","message":"[11:16:47]데이터 베이스 연결 성공","service":"general"}
{"level":"info","message":"[11:17:13]데이터 베이스 연결 성공","service":"general"}
{"level":"info","message":"[11:18:23]데이터 베이스 연결 성공","service":"general"}
{"level":"info","message":"[11:18:28]데이터 베이스 연결 성공","service":"general"}
{"level":"info","message":"[11:18:36]데이터 베이스 연결 성공","service":"general"}
{"level":"info","message":"[11:18:40]데이터 베이스 연결 성공","service":"general"}
{"level":"info","message":"[11:18:45]데이터 베이스 연결 성공","service":"general"}
{"level":"info","message":"[11:19:37]데이터 베이스 연결 성공","service":"general"}
{"level":"info","message":"[11:19:43]데이터 베이스 연결 성공","service":"general"}
{"level":"info","message":"[11:21:10]데이터 베이스 연결 성공","service":"general"}
{"level":"info","message":"[11:21:18]데이터 베이스 연결 성공","service":"general"}
{"level":"info","message":"[11:21:34]데이터 베이스 연결 성공","service":"general"}
{"level":"info","message":"[11:21:39]데이터 베이스 연결 성공","service":"general"}
{"level":"info","message":"[11:21:44]데이터 베이스 연결 성공","service":"general"}
{"level":"info","message":"[11:22:46]데이터 베이스 연결 성공","service":"general"}
{"level":"info","message":"[11:23:30]데이터 베이스 연결 성공","service":"general"}
{"level":"info","message":"[11:23:58]데이터 베이스 연결 성공","service":"general"}
{"level":"info","message":"[11:24:21]데이터 베이스 연결 성공","service":"general"}
{"level":"info","message":"[11:25:34]데이터 베이스 연결 성공","service":"general"}
{"level":"info","message":"[11:26:28]데이터 베이스 연결 성공","service":"general"}
{"level":"info","message":"[11:26:38]데이터 베이스 연결 성공","service":"general"}
{"level":"info","message":"[11:28:29]데이터 베이스 연결 성공","service":"general"}
{"level":"info","message":"[11:28:57]데이터 베이스 연결 성공","service":"general"}
{"level":"info","message":"[11:29:40]데이터 베이스 연결 성공","service":"general"}
{"level":"info","message":"[11:31:49]데이터 베이스 연결 성공","service":"general"}
{"level":"info","message":"[11:32:08]데이터 베이스 연결 성공","service":"general"}
{"level":"info","message":"[11:33:11]데이터 베이스 연결 성공","service":"general"}
{"level":"info","message":"[11:33:17]데이터 베이스 연결 성공","service":"general"}
{"level":"info","message":"[11:39:34]데이터 베이스 연결 성공","service":"general"}
{"level":"info","message":"[11:40:24]데이터 베이스 연결 성공","service":"general"}
{"level":"info","message":"[11:41:23]데이터 베이스 연결 성공","service":"general"}
{"level":"info","message":"[11:41:30]데이터 베이스 연결 성공","service":"general"}
{"level":"info","message":"[11:41:33]데이터 베이스 연결 성공","service":"general"}
{"level":"info","message":"[11:41:41]데이터 베이스 연결 성공","service":"general"}
{"level":"info","message":"[11:41:54]데이터 베이스 연결 성공","service":"general"}
{"level":"info","message":"[11:41:59]데이터 베이스 연결 성공","service":"general"}
{"level":"info","message":"[11:44:41]데이터 베이스 연결 성공","service":"general"}
{"level":"info","message":"[11:44:54]데이터 베이스 연결 성공","service":"general"}
{"level":"info","message":"[11:44:59]데이터 베이스 연결 성공","service":"general"}
{"level":"info","message":"[11:46:16]데이터 베이스 연결 성공","service":"general"}
{"level":"info","message":"[11:46:29]데이터 베이스 연결 성공","service":"general"}
{"level":"info","message":"[11:46:41]데이터 베이스 연결 성공","service":"general"}
{"level":"info","message":"[11:46:59]데이터 베이스 연결 성공","service":"general"}
{"level":"info","message":"[11:50:12]데이터 베이스 연결 성공","service":"general"}
{"level":"info","message":"[11:50:46]데이터 베이스 연결 성공","service":"general"}
{"level":"info","message":"[11:52:50]데이터 베이스 연결 성공","service":"general"}
{"level":"info","message":"[11:57:31]데이터 베이스 연결 성공","service":"general"}
{"level":"info","message":"[11:57:35]데이터 베이스 연결 성공","service":"general"}
{"level":"info","message":"[11:57:44]데이터 베이스 연결 성공","service":"general"}
{"level":"info","message":"[11:57:50]데이터 베이스 연결 성공","service":"general"}
{"level":"info","message":"[11:58:01]데이터 베이스 연결 성공","service":"general"}
{"level":"info","message":"[11:58:43]데이터 베이스 연결 성공","service":"general"}
{"level":"info","message":"[11:58:56]데이터 베이스 연결 성공","service":"general"}
{"level":"info","message":"[11:59:42]데이터 베이스 연결 성공","service":"general"}
{"level":"info","message":"[12:01:19]데이터 베이스 연결 성공","service":"general"}
{"level":"info","message":"[12:01:28]데이터 베이스 연결 성공","service":"general"}
{"level":"info","message":"[12:01:33]데이터 베이스 연결 성공","service":"general"}
{"level":"info","message":"[12:01:58]데이터 베이스 연결 성공","service":"general"}
{"level":"info","message":"[12:02:10]데이터 베이스 연결 성공","service":"general"}
{"level":"info","message":"[12:02:33]데이터 베이스 연결 성공","service":"general"}
{"level":"error","message":"[12:02:41]You have an error in your SQL syntax; check the manual that corresponds to your MySQL server version for the right syntax to use near 'WHERE idx = '7'' at line 4","service":"general"}
{"level":"error","message":"[12:02:41]SequelizeDatabaseError: You have an error in your SQL syntax; check the manual that corresponds to your MySQL server version for the right syntax to use near 'WHERE idx = '7'' at line 4\n    at Query.formatError (D:\\nodejs\\board\\node_modules\\sequelize\\lib\\dialects\\mysql\\query.js:265:16)\n    at Query.run (D:\\nodejs\\board\\node_modules\\sequelize\\lib\\dialects\\mysql\\query.js:77:18)\n    at processTicksAndRejections (node:internal/process/task_queues:96:5)\n    at async D:\\nodejs\\board\\node_modules\\sequelize\\lib\\sequelize.js:619:16\n    at async Object.updateComment (D:\\nodejs\\board\\models\\board.js:449:4)\n    at async D:\\nodejs\\board\\routes\\board\\index.js:182:21","service":"general"}
{"level":"info","message":"[12:03:21]데이터 베이스 연결 성공","service":"general"}
{"level":"info","message":"[12:03:27]데이터 베이스 연결 성공","service":"general"}
{"level":"info","message":"[12:05:46]데이터 베이스 연결 성공","service":"general"}
{"level":"info","message":"[12:06:20]데이터 베이스 연결 성공","service":"general"}
{"level":"info","message":"[12:06:28]데이터 베이스 연결 성공","service":"general"}
{"level":"info","message":"[12:06:35]데이터 베이스 연결 성공","service":"general"}
{"level":"info","message":"[12:13:00]데이터 베이스 연결 성공","service":"general"}
{"level":"info","message":"[12:13:42]데이터 베이스 연결 성공","service":"general"}
{"level":"info","message":"[12:13:49]데이터 베이스 연결 성공","service":"general"}
{"level":"info","message":"[12:13:57]데이터 베이스 연결 성공","service":"general"}
{"level":"info","message":"[12:14:05]데이터 베이스 연결 성공","service":"general"}
{"level":"info","message":"[12:14:23]데이터 베이스 연결 성공","service":"general"}
{"level":"info","message":"[12:14:41]데이터 베이스 연결 성공","service":"general"}
{"level":"info","message":"[12:16:25]데이터 베이스 연결 성공","service":"general"}
{"level":"info","message":"[12:16:27]데이터 베이스 연결 성공","service":"general"}
{"level":"info","message":"[12:16:45]데이터 베이스 연결 성공","service":"general"}
{"level":"info","message":"[12:17:41]데이터 베이스 연결 성공","service":"general"}
{"level":"info","message":"[12:17:47]데이터 베이스 연결 성공","service":"general"}
{"level":"info","message":"[12:18:31]데이터 베이스 연결 성공","service":"general"}
{"level":"info","message":"[12:18:41]데이터 베이스 연결 성공","service":"general"}
{"level":"info","message":"[12:18:55]데이터 베이스 연결 성공","service":"general"}
{"level":"info","message":"[12:20:52]데이터 베이스 연결 성공","service":"general"}
{"level":"info","message":"[12:21:01]데이터 베이스 연결 성공","service":"general"}
{"level":"info","message":"[12:26:29]데이터 베이스 연결 성공","service":"general"}
{"level":"info","message":"[12:26:59]데이터 베이스 연결 성공","service":"general"}
{"level":"info","message":"[12:27:04]데이터 베이스 연결 성공","service":"general"}
{"level":"info","message":"[12:27:12]데이터 베이스 연결 성공","service":"general"}
{"level":"info","message":"[12:27:54]데이터 베이스 연결 성공","service":"general"}
{"level":"info","message":"[12:28:21]데이터 베이스 연결 성공","service":"general"}
{"level":"info","message":"[12:28:33]데이터 베이스 연결 성공","service":"general"}
{"level":"info","message":"[12:29:57]데이터 베이스 연결 성공","service":"general"}
{"level":"info","message":"[12:30:51]데이터 베이스 연결 성공","service":"general"}
{"level":"info","message":"[12:30:59]데이터 베이스 연결 성공","service":"general"}
{"level":"info","message":"[12:31:11]데이터 베이스 연결 성공","service":"general"}
{"level":"info","message":"[12:31:20]데이터 베이스 연결 성공","service":"general"}
{"level":"info","message":"[12:31:44]데이터 베이스 연결 성공","service":"general"}
{"level":"info","message":"[12:31:53]데이터 베이스 연결 성공","service":"general"}
{"level":"info","message":"[12:32:07]데이터 베이스 연결 성공","service":"general"}
{"level":"info","message":"[12:32:19]데이터 베이스 연결 성공","service":"general"}
{"level":"info","message":"[12:33:03]데이터 베이스 연결 성공","service":"general"}
{"level":"info","message":"[12:33:26]데이터 베이스 연결 성공","service":"general"}
{"level":"info","message":"[12:33:29]데이터 베이스 연결 성공","service":"general"}
{"level":"info","message":"[12:33:41]데이터 베이스 연결 성공","service":"general"}
{"level":"info","message":"[12:34:34]데이터 베이스 연결 성공","service":"general"}
{"level":"info","message":"[12:34:40]데이터 베이스 연결 성공","service":"general"}
{"level":"info","message":"[12:34:43]데이터 베이스 연결 성공","service":"general"}
{"level":"info","message":"[12:36:08]데이터 베이스 연결 성공","service":"general"}
{"level":"info","message":"[12:36:17]데이터 베이스 연결 성공","service":"general"}
{"level":"info","message":"[12:36:56]데이터 베이스 연결 성공","service":"general"}
{"level":"info","message":"[12:38:12]데이터 베이스 연결 성공","service":"general"}
{"level":"info","message":"[12:38:37]데이터 베이스 연결 성공","service":"general"}
{"level":"info","message":"[12:38:43]데이터 베이스 연결 성공","service":"general"}
{"level":"info","message":"[12:38:50]데이터 베이스 연결 성공","service":"general"}
{"level":"info","message":"[12:38:53]데이터 베이스 연결 성공","service":"general"}
{"level":"info","message":"[12:40:17]데이터 베이스 연결 성공","service":"general"}
{"level":"info","message":"[12:41:40]데이터 베이스 연결 성공","service":"general"}
{"level":"error","message":"[12:42:05][404]/board/check_password?mode=update_comment&idx=7은 없는 페이지 입니다.","service":"general"}
{"level":"error","message":"[12:42:05]Error: /board/check_password?mode=update_comment&idx=7은 없는 페이지 입니다.\n    at D:\\nodejs\\board\\app.js:69:16\n    at Layer.handle [as handle_request] (D:\\nodejs\\board\\node_modules\\express\\lib\\router\\layer.js:95:5)\n    at trim_prefix (D:\\nodejs\\board\\node_modules\\express\\lib\\router\\index.js:317:13)\n    at D:\\nodejs\\board\\node_modules\\express\\lib\\router\\index.js:284:7\n    at Function.process_params (D:\\nodejs\\board\\node_modules\\express\\lib\\router\\index.js:335:12)\n    at next (D:\\nodejs\\board\\node_modules\\express\\lib\\router\\index.js:275:10)\n    at D:\\nodejs\\board\\node_modules\\express\\lib\\router\\index.js:635:15\n    at next (D:\\nodejs\\board\\node_modules\\express\\lib\\router\\index.js:260:14)\n    at D:\\nodejs\\board\\routes\\board\\index.js:24:2\n    at Layer.handle [as handle_request] (D:\\nodejs\\board\\node_modules\\express\\lib\\router\\layer.js:95:5)","service":"general"}
{"level":"info","message":"[12:42:52]데이터 베이스 연결 성공","service":"general"}
{"level":"info","message":"[12:43:29]데이터 베이스 연결 성공","service":"general"}
{"level":"info","message":"[12:44:28]데이터 베이스 연결 성공","service":"general"}
{"level":"info","message":"[12:44:35]데이터 베이스 연결 성공","service":"general"}
{"level":"info","message":"[12:44:50]데이터 베이스 연결 성공","service":"general"}
{"level":"info","message":"[12:44:59]데이터 베이스 연결 성공","service":"general"}
{"level":"info","message":"[12:45:18]데이터 베이스 연결 성공","service":"general"}
{"level":"error","message":"[12:51:46][404]/board/password은 없는 페이지 입니다.","service":"general"}
{"level":"error","message":"[12:51:46]Error: /board/password은 없는 페이지 입니다.\n    at D:\\nodejs\\board\\app.js:69:16\n    at Layer.handle [as handle_request] (D:\\nodejs\\board\\node_modules\\express\\lib\\router\\layer.js:95:5)\n    at trim_prefix (D:\\nodejs\\board\\node_modules\\express\\lib\\router\\index.js:317:13)\n    at D:\\nodejs\\board\\node_modules\\express\\lib\\router\\index.js:284:7\n    at Function.process_params (D:\\nodejs\\board\\node_modules\\express\\lib\\router\\index.js:335:12)\n    at next (D:\\nodejs\\board\\node_modules\\express\\lib\\router\\index.js:275:10)\n    at D:\\nodejs\\board\\node_modules\\express\\lib\\router\\index.js:635:15\n    at next (D:\\nodejs\\board\\node_modules\\express\\lib\\router\\index.js:260:14)\n    at D:\\nodejs\\board\\routes\\board\\index.js:24:2\n    at Layer.handle [as handle_request] (D:\\nodejs\\board\\node_modules\\express\\lib\\router\\layer.js:95:5)","service":"general"}
{"level":"error","message":"[12:52:05][404]/board/password은 없는 페이지 입니다.","service":"general"}
{"level":"error","message":"[12:52:05]Error: /board/password은 없는 페이지 입니다.\n    at D:\\nodejs\\board\\app.js:69:16\n    at Layer.handle [as handle_request] (D:\\nodejs\\board\\node_modules\\express\\lib\\router\\layer.js:95:5)\n    at trim_prefix (D:\\nodejs\\board\\node_modules\\express\\lib\\router\\index.js:317:13)\n    at D:\\nodejs\\board\\node_modules\\express\\lib\\router\\index.js:284:7\n    at Function.process_params (D:\\nodejs\\board\\node_modules\\express\\lib\\router\\index.js:335:12)\n    at next (D:\\nodejs\\board\\node_modules\\express\\lib\\router\\index.js:275:10)\n    at D:\\nodejs\\board\\node_modules\\express\\lib\\router\\index.js:635:15\n    at next (D:\\nodejs\\board\\node_modules\\express\\lib\\router\\index.js:260:14)\n    at D:\\nodejs\\board\\routes\\board\\index.js:24:2\n    at Layer.handle [as handle_request] (D:\\nodejs\\board\\node_modules\\express\\lib\\router\\layer.js:95:5)","service":"general"}
{"level":"info","message":"[12:53:09]데이터 베이스 연결 성공","service":"general"}
{"level":"info","message":"[12:53:30]데이터 베이스 연결 성공","service":"general"}
{"level":"info","message":"[12:53:34]데이터 베이스 연결 성공","service":"general"}
{"level":"info","message":"[12:53:52]데이터 베이스 연결 성공","service":"general"}
{"level":"info","message":"[12:54:05]데이터 베이스 연결 성공","service":"general"}
{"level":"info","message":"[12:55:09]데이터 베이스 연결 성공","service":"general"}
{"level":"info","message":"[12:55:24]데이터 베이스 연결 성공","service":"general"}
{"level":"info","message":"[12:57:01]데이터 베이스 연결 성공","service":"general"}
{"level":"info","message":"[12:57:32]데이터 베이스 연결 성공","service":"general"}
{"level":"info","message":"[12:57:45]데이터 베이스 연결 성공","service":"general"}
{"level":"info","message":"[12:57:56]데이터 베이스 연결 성공","service":"general"}
{"level":"info","message":"[12:58:06]데이터 베이스 연결 성공","service":"general"}
{"level":"info","message":"[12:58:22]데이터 베이스 연결 성공","service":"general"}
{"level":"info","message":"[12:58:26]데이터 베이스 연결 성공","service":"general"}
{"level":"info","message":"[12:58:38]데이터 베이스 연결 성공","service":"general"}
{"level":"info","message":"[12:59:11]데이터 베이스 연결 성공","service":"general"}
{"level":"info","message":"[13:00:37]데이터 베이스 연결 성공","service":"general"}
{"level":"info","message":"[13:01:18]데이터 베이스 연결 성공","service":"general"}
{"level":"info","message":"[13:01:44]데이터 베이스 연결 성공","service":"general"}
{"level":"info","message":"[13:01:48]데이터 베이스 연결 성공","service":"general"}
{"level":"info","message":"[13:01:55]데이터 베이스 연결 성공","service":"general"}
{"level":"info","message":"[13:03:26]데이터 베이스 연결 성공","service":"general"}
{"level":"info","message":"[13:03:37]데이터 베이스 연결 성공","service":"general"}
{"level":"info","message":"[13:08:44]데이터 베이스 연결 성공","service":"general"}
{"level":"info","message":"[13:09:52]데이터 베이스 연결 성공","service":"general"}
{"level":"error","message":"[13:10:03]data and hash arguments required","service":"general"}
{"level":"error","message":"[13:10:03]Error: data and hash arguments required\n    at Object.compare (D:\\nodejs\\board\\node_modules\\bcrypt\\bcrypt.js:208:17)\n    at D:\\nodejs\\board\\node_modules\\bcrypt\\promises.js:29:12\n    at new Promise (<anonymous>)\n    at Object.module.exports.promise (D:\\nodejs\\board\\node_modules\\bcrypt\\promises.js:20:12)\n    at Object.compare (D:\\nodejs\\board\\node_modules\\bcrypt\\bcrypt.js:204:25)\n    at Object.checkPassword (D:\\nodejs\\board\\models\\board.js:566:32)\n    at processTicksAndRejections (node:internal/process/task_queues:96:5)\n    at async D:\\nodejs\\board\\routes\\board\\index.js:219:18","service":"general"}
{"level":"error","message":"[13:10:10]data and hash arguments required","service":"general"}
{"level":"error","message":"[13:10:10]Error: data and hash arguments required\n    at Object.compare (D:\\nodejs\\board\\node_modules\\bcrypt\\bcrypt.js:208:17)\n    at D:\\nodejs\\board\\node_modules\\bcrypt\\promises.js:29:12\n    at new Promise (<anonymous>)\n    at Object.module.exports.promise (D:\\nodejs\\board\\node_modules\\bcrypt\\promises.js:20:12)\n    at Object.compare (D:\\nodejs\\board\\node_modules\\bcrypt\\bcrypt.js:204:25)\n    at Object.checkPassword (D:\\nodejs\\board\\models\\board.js:566:32)\n    at processTicksAndRejections (node:internal/process/task_queues:96:5)\n    at async D:\\nodejs\\board\\routes\\board\\index.js:219:18","service":"general"}
{"level":"error","message":"[13:10:25]data and hash arguments required","service":"general"}
{"level":"error","message":"[13:10:25]Error: data and hash arguments required\n    at Object.compare (D:\\nodejs\\board\\node_modules\\bcrypt\\bcrypt.js:208:17)\n    at D:\\nodejs\\board\\node_modules\\bcrypt\\promises.js:29:12\n    at new Promise (<anonymous>)\n    at Object.module.exports.promise (D:\\nodejs\\board\\node_modules\\bcrypt\\promises.js:20:12)\n    at Object.compare (D:\\nodejs\\board\\node_modules\\bcrypt\\bcrypt.js:204:25)\n    at Object.checkPassword (D:\\nodejs\\board\\models\\board.js:566:32)\n    at processTicksAndRejections (node:internal/process/task_queues:96:5)\n    at async D:\\nodejs\\board\\routes\\board\\index.js:219:18","service":"general"}
{"level":"info","message":"[13:11:04]데이터 베이스 연결 성공","service":"general"}
{"level":"info","message":"[13:12:03]데이터 베이스 연결 성공","service":"general"}
{"level":"info","message":"[13:12:30]데이터 베이스 연결 성공","service":"general"}
{"level":"info","message":"[13:12:45]데이터 베이스 연결 성공","service":"general"}
{"level":"info","message":"[13:12:48]데이터 베이스 연결 성공","service":"general"}
{"level":"info","message":"[13:12:49]데이터 베이스 연결 성공","service":"general"}
{"level":"info","message":"[13:13:43]데이터 베이스 연결 성공","service":"general"}
{"level":"info","message":"[13:14:04]데이터 베이스 연결 성공","service":"general"}
{"level":"info","message":"[13:15:38]데이터 베이스 연결 성공","service":"general"}
{"level":"info","message":"[13:18:38]데이터 베이스 연결 성공","service":"general"}
{"level":"info","message":"[13:22:16]데이터 베이스 연결 성공","service":"general"}
{"level":"info","message":"[14:32:53]데이터 베이스 연결 성공","service":"general"}
{"level":"error","message":"[14:33:04][404]/favicon.ico은 없는 페이지 입니다.","service":"general"}
{"level":"error","message":"[14:33:04]Error: /favicon.ico은 없는 페이지 입니다.\n    at D:\\nodejs\\board\\app.js:69:16\n    at Layer.handle [as handle_request] (D:\\nodejs\\board\\node_modules\\express\\lib\\router\\layer.js:95:5)\n    at trim_prefix (D:\\nodejs\\board\\node_modules\\express\\lib\\router\\index.js:317:13)\n    at D:\\nodejs\\board\\node_modules\\express\\lib\\router\\index.js:284:7\n    at Function.process_params (D:\\nodejs\\board\\node_modules\\express\\lib\\router\\index.js:335:12)\n    at next (D:\\nodejs\\board\\node_modules\\express\\lib\\router\\index.js:275:10)\n    at D:\\nodejs\\board\\node_modules\\express\\lib\\router\\index.js:635:15\n    at next (D:\\nodejs\\board\\node_modules\\express\\lib\\router\\index.js:260:14)\n    at Function.handle (D:\\nodejs\\board\\node_modules\\express\\lib\\router\\index.js:174:3)\n    at router (D:\\nodejs\\board\\node_modules\\express\\lib\\router\\index.js:47:12)","service":"general"}
{"level":"info","message":"[14:42:29]데이터 베이스 연결 성공","service":"general"}
{"level":"info","message":"[14:42:31]데이터 베이스 연결 성공","service":"general"}
{"level":"info","message":"[14:42:48]데이터 베이스 연결 성공","service":"general"}
{"level":"info","message":"[14:43:15]데이터 베이스 연결 성공","service":"general"}
{"level":"info","message":"[14:44:14]데이터 베이스 연결 성공","service":"general"}
{"level":"info","message":"[14:44:29]데이터 베이스 연결 성공","service":"general"}
{"level":"info","message":"[14:44:48]데이터 베이스 연결 성공","service":"general"}
{"level":"info","message":"[14:45:31]데이터 베이스 연결 성공","service":"general"}
{"level":"info","message":"[14:46:00]데이터 베이스 연결 성공","service":"general"}
{"level":"info","message":"[14:46:11]데이터 베이스 연결 성공","service":"general"}
{"level":"info","message":"[14:46:47]데이터 베이스 연결 성공","service":"general"}
{"level":"info","message":"[14:46:56]데이터 베이스 연결 성공","service":"general"}
{"level":"info","message":"[14:47:05]데이터 베이스 연결 성공","service":"general"}
{"level":"info","message":"[14:47:22]데이터 베이스 연결 성공","service":"general"}
{"level":"info","message":"[14:47:52]데이터 베이스 연결 성공","service":"general"}
{"level":"info","message":"[14:48:35]데이터 베이스 연결 성공","service":"general"}
{"level":"info","message":"[14:48:39]데이터 베이스 연결 성공","service":"general"}
{"level":"info","message":"[14:48:48]데이터 베이스 연결 성공","service":"general"}
{"level":"info","message":"[14:49:16]데이터 베이스 연결 성공","service":"general"}
{"level":"info","message":"[14:49:21]데이터 베이스 연결 성공","service":"general"}
{"level":"info","message":"[14:49:24]데이터 베이스 연결 성공","service":"general"}
{"level":"info","message":"[14:49:27]데이터 베이스 연결 성공","service":"general"}
{"level":"info","message":"[14:49:29]데이터 베이스 연결 성공","service":"general"}
{"level":"error","message":"[14:50:12]비밀번호 누락..","service":"general"}
{"level":"error","message":"[14:50:12]Error: 비밀번호 누락..\n    at Object.checkPassword (D:\\nodejs\\board\\models\\board.js:550:11)\n    at D:\\nodejs\\board\\routes\\board\\index.js:219:30\n    at Layer.handle [as handle_request] (D:\\nodejs\\board\\node_modules\\express\\lib\\router\\layer.js:95:5)\n    at next (D:\\nodejs\\board\\node_modules\\express\\lib\\router\\route.js:137:13)\n    at next (D:\\nodejs\\board\\node_modules\\express\\lib\\router\\route.js:131:14)\n    at Route.dispatch (D:\\nodejs\\board\\node_modules\\express\\lib\\router\\route.js:112:3)\n    at Layer.handle [as handle_request] (D:\\nodejs\\board\\node_modules\\express\\lib\\router\\layer.js:95:5)\n    at D:\\nodejs\\board\\node_modules\\express\\lib\\router\\index.js:281:22\n    at Function.process_params (D:\\nodejs\\board\\node_modules\\express\\lib\\router\\index.js:335:12)\n    at next (D:\\nodejs\\board\\node_modules\\express\\lib\\router\\index.js:275:10)","service":"general"}
{"level":"info","message":"[14:51:00]데이터 베이스 연결 성공","service":"general"}
{"level":"info","message":"[14:51:13]데이터 베이스 연결 성공","service":"general"}
{"level":"info","message":"[14:51:22]데이터 베이스 연결 성공","service":"general"}
{"level":"info","message":"[14:51:26]데이터 베이스 연결 성공","service":"general"}
{"level":"info","message":"[14:51:52]데이터 베이스 연결 성공","service":"general"}
{"level":"info","message":"[14:52:14]데이터 베이스 연결 성공","service":"general"}
{"level":"info","message":"[14:52:29]데이터 베이스 연결 성공","service":"general"}
{"level":"info","message":"[14:52:32]데이터 베이스 연결 성공","service":"general"}
{"level":"info","message":"[14:52:35]데이터 베이스 연결 성공","service":"general"}
{"level":"info","message":"[14:53:07]데이터 베이스 연결 성공","service":"general"}
{"level":"info","message":"[14:53:11]데이터 베이스 연결 성공","service":"general"}
{"level":"info","message":"[14:53:12]데이터 베이스 연결 성공","service":"general"}
{"level":"info","message":"[14:53:16]데이터 베이스 연결 성공","service":"general"}
{"level":"info","message":"[14:53:41]데이터 베이스 연결 성공","service":"general"}
{"level":"info","message":"[14:53:50]데이터 베이스 연결 성공","service":"general"}
{"level":"info","message":"[14:54:04]데이터 베이스 연결 성공","service":"general"}
{"level":"info","message":"[14:54:24]데이터 베이스 연결 성공","service":"general"}
{"level":"info","message":"[14:54:34]데이터 베이스 연결 성공","service":"general"}
{"level":"info","message":"[14:54:53]데이터 베이스 연결 성공","service":"general"}
{"level":"info","message":"[14:55:08]데이터 베이스 연결 성공","service":"general"}
{"level":"info","message":"[14:55:10]데이터 베이스 연결 성공","service":"general"}
{"level":"info","message":"[14:55:16]데이터 베이스 연결 성공","service":"general"}
{"level":"info","message":"[14:55:23]데이터 베이스 연결 성공","service":"general"}
{"level":"info","message":"[14:55:33]데이터 베이스 연결 성공","service":"general"}
{"level":"info","message":"[14:56:02]데이터 베이스 연결 성공","service":"general"}
{"level":"info","message":"[14:56:21]데이터 베이스 연결 성공","service":"general"}
{"level":"info","message":"[14:56:47]데이터 베이스 연결 성공","service":"general"}
{"level":"info","message":"[14:57:37]데이터 베이스 연결 성공","service":"general"}
{"level":"info","message":"[14:58:04]데이터 베이스 연결 성공","service":"general"}
{"level":"info","message":"[14:58:12]데이터 베이스 연결 성공","service":"general"}
{"level":"info","message":"[14:58:24]데이터 베이스 연결 성공","service":"general"}
{"level":"info","message":"[14:59:35]데이터 베이스 연결 성공","service":"general"}
{"level":"info","message":"[15:00:05]데이터 베이스 연결 성공","service":"general"}
{"level":"info","message":"[15:00:12]데이터 베이스 연결 성공","service":"general"}
{"level":"info","message":"[15:00:14]데이터 베이스 연결 성공","service":"general"}
{"level":"info","message":"[15:00:15]데이터 베이스 연결 성공","service":"general"}
{"level":"info","message":"[15:00:17]데이터 베이스 연결 성공","service":"general"}
{"level":"info","message":"[15:00:23]데이터 베이스 연결 성공","service":"general"}
{"level":"info","message":"[15:00:24]데이터 베이스 연결 성공","service":"general"}
{"level":"info","message":"[15:00:26]데이터 베이스 연결 성공","service":"general"}
{"level":"info","message":"[15:00:31]데이터 베이스 연결 성공","service":"general"}
{"level":"info","message":"[15:00:33]데이터 베이스 연결 성공","service":"general"}
{"level":"info","message":"[15:00:35]데이터 베이스 연결 성공","service":"general"}
{"level":"info","message":"[15:00:37]데이터 베이스 연결 성공","service":"general"}
{"level":"info","message":"[15:00:39]데이터 베이스 연결 성공","service":"general"}
{"level":"info","message":"[15:00:42]데이터 베이스 연결 성공","service":"general"}
{"level":"info","message":"[15:00:45]데이터 베이스 연결 성공","service":"general"}
{"level":"info","message":"[15:00:47]데이터 베이스 연결 성공","service":"general"}
{"level":"info","message":"[15:00:48]데이터 베이스 연결 성공","service":"general"}
{"level":"info","message":"[15:00:51]데이터 베이스 연결 성공","service":"general"}
{"level":"info","message":"[15:01:23]데이터 베이스 연결 성공","service":"general"}
{"level":"info","message":"[15:01:51]데이터 베이스 연결 성공","service":"general"}
