{"level":"info","message":"[14:02:40]데이터 베이스 연결 성공","service":"general"}
{"level":"error","message":"[14:03:17]Cannot read property 'skin' of undefined","service":"general"}
{"level":"error","message":"[14:03:17]TypeError: Cannot read property 'skin' of undefined\n    at Object.getBoard (D:\\study\\express\\board\\models\\board.js:78:21)\n    at processTicksAndRejections (internal/process/task_queues.js:93:5)\n    at async D:\\study\\express\\board\\routes\\board\\index.js:45:18","service":"general"}
{"level":"error","message":"[14:03:17][500](D:\\study\\express\\board\\views\\board\\form.html) [Line 1, Column 3]\n  Error: template names must be a string: undefined","service":"general"}
{"level":"error","message":"[14:03:17]Template render error: (D:\\study\\express\\board\\views\\board\\form.html) [Line 1, Column 3]\n  Error: template names must be a string: undefined\n    at Object._prettifyError (D:\\study\\express\\board\\node_modules\\nunjucks\\src\\lib.js:36:11)\n    at D:\\study\\express\\board\\node_modules\\nunjucks\\src\\environment.js:563:19\n    at eval (eval at _compile (D:\\study\\express\\board\\node_modules\\nunjucks\\src\\environment.js:633:18), <anonymous>:83:12)\n    at b_content (eval at _compile (D:\\study\\express\\board\\node_modules\\nunjucks\\src\\environment.js:633:18), <anonymous>:68:3)\n    at eval (eval at _compile (D:\\study\\express\\board\\node_modules\\nunjucks\\src\\environment.js:633:18), <anonymous>:82:86)\n    at eval (eval at _compile (D:\\study\\express\\board\\node_modules\\nunjucks\\src\\environment.js:633:18), <anonymous>:186:1)\n    at eval (eval at _compile (D:\\study\\express\\board\\node_modules\\nunjucks\\src\\environment.js:633:18), <anonymous>:182:1)\n    at fn (D:\\study\\express\\board\\node_modules\\a-sync-waterfall\\index.js:26:24)\n    at D:\\study\\express\\board\\node_modules\\a-sync-waterfall\\index.js:66:22\n    at executeSync (D:\\study\\express\\board\\node_modules\\a-sync-waterfall\\index.js:8:15)","service":"general"}
{"level":"error","message":"[14:03:35]Cannot read property 'skin' of undefined","service":"general"}
{"level":"error","message":"[14:03:35]TypeError: Cannot read property 'skin' of undefined\n    at Object.getBoard (D:\\study\\express\\board\\models\\board.js:78:21)\n    at processTicksAndRejections (internal/process/task_queues.js:93:5)\n    at async D:\\study\\express\\board\\routes\\board\\index.js:30:20","service":"general"}
{"level":"error","message":"[14:03:35][500](D:\\study\\express\\board\\views\\board\\list.html) [Line 1, Column 3]\n  Error: template names must be a string: undefined","service":"general"}
{"level":"error","message":"[14:03:35]Template render error: (D:\\study\\express\\board\\views\\board\\list.html) [Line 1, Column 3]\n  Error: template names must be a string: undefined\n    at Object._prettifyError (D:\\study\\express\\board\\node_modules\\nunjucks\\src\\lib.js:36:11)\n    at D:\\study\\express\\board\\node_modules\\nunjucks\\src\\environment.js:563:19\n    at eval (eval at _compile (D:\\study\\express\\board\\node_modules\\nunjucks\\src\\environment.js:633:18), <anonymous>:83:12)\n    at b_content (eval at _compile (D:\\study\\express\\board\\node_modules\\nunjucks\\src\\environment.js:633:18), <anonymous>:59:3)\n    at eval (eval at _compile (D:\\study\\express\\board\\node_modules\\nunjucks\\src\\environment.js:633:18), <anonymous>:82:86)\n    at eval (eval at _compile (D:\\study\\express\\board\\node_modules\\nunjucks\\src\\environment.js:633:18), <anonymous>:186:1)\n    at eval (eval at _compile (D:\\study\\express\\board\\node_modules\\nunjucks\\src\\environment.js:633:18), <anonymous>:182:1)\n    at fn (D:\\study\\express\\board\\node_modules\\a-sync-waterfall\\index.js:26:24)\n    at D:\\study\\express\\board\\node_modules\\a-sync-waterfall\\index.js:66:22\n    at executeSync (D:\\study\\express\\board\\node_modules\\a-sync-waterfall\\index.js:8:15)","service":"general"}
{"level":"info","message":"[14:05:09]데이터 베이스 연결 성공","service":"general"}
{"level":"info","message":"[14:06:46]데이터 베이스 연결 성공","service":"general"}
{"level":"info","message":"[14:08:55]데이터 베이스 연결 성공","service":"general"}
{"level":"info","message":"[14:10:55]데이터 베이스 연결 성공","service":"general"}
{"level":"error","message":"[14:10:57][404]/favicon.ico은 없는 페이지 입니다.","service":"general"}
{"level":"error","message":"[14:10:57]Error: /favicon.ico은 없는 페이지 입니다.\n    at D:\\study\\express\\board\\app.js:69:16\n    at Layer.handle [as handle_request] (D:\\study\\express\\board\\node_modules\\express\\lib\\router\\layer.js:95:5)\n    at trim_prefix (D:\\study\\express\\board\\node_modules\\express\\lib\\router\\index.js:317:13)\n    at D:\\study\\express\\board\\node_modules\\express\\lib\\router\\index.js:284:7\n    at Function.process_params (D:\\study\\express\\board\\node_modules\\express\\lib\\router\\index.js:335:12)\n    at next (D:\\study\\express\\board\\node_modules\\express\\lib\\router\\index.js:275:10)\n    at D:\\study\\express\\board\\node_modules\\express\\lib\\router\\index.js:635:15\n    at next (D:\\study\\express\\board\\node_modules\\express\\lib\\router\\index.js:260:14)\n    at Function.handle (D:\\study\\express\\board\\node_modules\\express\\lib\\router\\index.js:174:3)\n    at router (D:\\study\\express\\board\\node_modules\\express\\lib\\router\\index.js:47:12)","service":"general"}
{"level":"info","message":"[14:28:45]데이터 베이스 연결 성공","service":"general"}
{"level":"info","message":"[14:28:47]데이터 베이스 연결 성공","service":"general"}
{"level":"info","message":"[14:30:27]데이터 베이스 연결 성공","service":"general"}
{"level":"info","message":"[14:32:27]데이터 베이스 연결 성공","service":"general"}
{"level":"info","message":"[14:32:42]데이터 베이스 연결 성공","service":"general"}
{"level":"info","message":"[14:33:13]데이터 베이스 연결 성공","service":"general"}
{"level":"info","message":"[14:33:21]데이터 베이스 연결 성공","service":"general"}
{"level":"info","message":"[14:33:23]데이터 베이스 연결 성공","service":"general"}
{"level":"info","message":"[14:33:29]데이터 베이스 연결 성공","service":"general"}
{"level":"info","message":"[14:34:26]데이터 베이스 연결 성공","service":"general"}
{"level":"info","message":"[14:34:32]데이터 베이스 연결 성공","service":"general"}
{"level":"info","message":"[14:34:37]데이터 베이스 연결 성공","service":"general"}
{"level":"info","message":"[14:35:26]데이터 베이스 연결 성공","service":"general"}
{"level":"info","message":"[14:35:37]데이터 베이스 연결 성공","service":"general"}
{"level":"info","message":"[14:35:53]데이터 베이스 연결 성공","service":"general"}
{"level":"info","message":"[14:36:00]데이터 베이스 연결 성공","service":"general"}
{"level":"info","message":"[14:36:07]데이터 베이스 연결 성공","service":"general"}
{"level":"info","message":"[14:36:26]데이터 베이스 연결 성공","service":"general"}
{"level":"info","message":"[14:36:30]데이터 베이스 연결 성공","service":"general"}
{"level":"info","message":"[14:37:48]데이터 베이스 연결 성공","service":"general"}
{"level":"info","message":"[14:38:04]데이터 베이스 연결 성공","service":"general"}
{"level":"info","message":"[14:38:28]데이터 베이스 연결 성공","service":"general"}
{"level":"info","message":"[14:38:52]데이터 베이스 연결 성공","service":"general"}
{"level":"info","message":"[14:39:01]데이터 베이스 연결 성공","service":"general"}
{"level":"info","message":"[14:39:20]데이터 베이스 연결 성공","service":"general"}
{"level":"info","message":"[14:39:33]데이터 베이스 연결 성공","service":"general"}
{"level":"info","message":"[14:39:39]데이터 베이스 연결 성공","service":"general"}
{"level":"info","message":"[14:40:02]데이터 베이스 연결 성공","service":"general"}
